ARM GAS  /tmp/ccW2PNnH.s 			page 1


   1              		.cpu cortex-m4
   2              		.arch armv7e-m
   3              		.fpu fpv4-sp-d16
   4              		.eabi_attribute 27, 1
   5              		.eabi_attribute 28, 1
   6              		.eabi_attribute 20, 1
   7              		.eabi_attribute 21, 1
   8              		.eabi_attribute 23, 3
   9              		.eabi_attribute 24, 1
  10              		.eabi_attribute 25, 1
  11              		.eabi_attribute 26, 1
  12              		.eabi_attribute 30, 1
  13              		.eabi_attribute 34, 1
  14              		.eabi_attribute 18, 4
  15              		.file	"hd44780.c"
  16              		.text
  17              	.Ltext0:
  18              		.cfi_sections	.debug_frame
  19              		.file 1 "Core/Src/hd44780.c"
  20              		.section	.text.LCD_Display,"ax",%progbits
  21              		.align	1
  22              		.syntax unified
  23              		.thumb
  24              		.thumb_func
  26              	LCD_Display:
  27              	.LVL0:
  28              	.LFB137:
   1:Core/Src/hd44780.c **** #include "hd44780.h"
   2:Core/Src/hd44780.c **** #include "stm32f4xx_hal_gpio.h"
   3:Core/Src/hd44780.c **** #include <stdint.h>
   4:Core/Src/hd44780.c **** 
   5:Core/Src/hd44780.c **** static void pulse_enable()
   6:Core/Src/hd44780.c **** {
   7:Core/Src/hd44780.c ****     HAL_GPIO_WritePin(ENABLE_GPIO_Port, ENABLE_Pin, GPIO_PIN_RESET);
   8:Core/Src/hd44780.c ****     HAL_Delay(1);
   9:Core/Src/hd44780.c ****     HAL_GPIO_WritePin(ENABLE_GPIO_Port, ENABLE_Pin, GPIO_PIN_SET);
  10:Core/Src/hd44780.c ****     HAL_Delay(1);
  11:Core/Src/hd44780.c ****     HAL_GPIO_WritePin(ENABLE_GPIO_Port, ENABLE_Pin, GPIO_PIN_RESET);
  12:Core/Src/hd44780.c ****     HAL_Delay(100);
  13:Core/Src/hd44780.c **** }
  14:Core/Src/hd44780.c **** 
  15:Core/Src/hd44780.c **** static void write4bits(uint8_t value, struct LCD *screen)
  16:Core/Src/hd44780.c **** {
  17:Core/Src/hd44780.c ****     for (int i = 0; i < 4; i++)
  18:Core/Src/hd44780.c ****     {
  19:Core/Src/hd44780.c ****         uint8_t val = (value >> i) & 0x01;
  20:Core/Src/hd44780.c ****         if (val == 1)
  21:Core/Src/hd44780.c ****         {
  22:Core/Src/hd44780.c ****             HAL_GPIO_WritePin(screen->ports[i], screen->data_pin[i], GPIO_PIN_SET);
  23:Core/Src/hd44780.c ****         }
  24:Core/Src/hd44780.c ****         else if (val == 0)
  25:Core/Src/hd44780.c ****         {
  26:Core/Src/hd44780.c ****             HAL_GPIO_WritePin(screen->ports[i], screen->data_pin[i], GPIO_PIN_RESET);
  27:Core/Src/hd44780.c ****         }
  28:Core/Src/hd44780.c ****     }
  29:Core/Src/hd44780.c ****     pulse_enable();
  30:Core/Src/hd44780.c **** }
ARM GAS  /tmp/ccW2PNnH.s 			page 2


  31:Core/Src/hd44780.c **** 
  32:Core/Src/hd44780.c **** static void write8bits(uint8_t value, struct LCD *screen)
  33:Core/Src/hd44780.c **** {
  34:Core/Src/hd44780.c ****     for (int i = 0; i < 8; i++)
  35:Core/Src/hd44780.c ****     {
  36:Core/Src/hd44780.c ****         uint8_t val = (value >> i) & 0x01;
  37:Core/Src/hd44780.c ****         if (val == 1)
  38:Core/Src/hd44780.c ****         {
  39:Core/Src/hd44780.c ****             HAL_GPIO_WritePin(screen->ports[i], screen->data_pin[i], GPIO_PIN_SET);
  40:Core/Src/hd44780.c ****         }
  41:Core/Src/hd44780.c ****         else if (val == 0)
  42:Core/Src/hd44780.c ****         {
  43:Core/Src/hd44780.c ****             HAL_GPIO_WritePin(screen->ports[i], screen->data_pin[i], GPIO_PIN_RESET);
  44:Core/Src/hd44780.c ****         }
  45:Core/Src/hd44780.c ****     }
  46:Core/Src/hd44780.c ****     pulse_enable();
  47:Core/Src/hd44780.c **** }
  48:Core/Src/hd44780.c **** 
  49:Core/Src/hd44780.c **** static void send(uint8_t value, uint8_t mode, struct LCD *screen)
  50:Core/Src/hd44780.c **** {
  51:Core/Src/hd44780.c ****     if (mode == 1)
  52:Core/Src/hd44780.c ****         HAL_GPIO_WritePin(RS_GPIO_Port, RS_Pin, GPIO_PIN_SET);
  53:Core/Src/hd44780.c ****     else
  54:Core/Src/hd44780.c ****         HAL_GPIO_WritePin(RS_GPIO_Port, RS_Pin, GPIO_PIN_RESET);
  55:Core/Src/hd44780.c ****     if (screen->bits == 8)
  56:Core/Src/hd44780.c ****         write8bits(value, screen);
  57:Core/Src/hd44780.c ****     else
  58:Core/Src/hd44780.c ****     {
  59:Core/Src/hd44780.c ****         write4bits(value >> 4, screen);
  60:Core/Src/hd44780.c ****         write4bits(value, screen);
  61:Core/Src/hd44780.c ****     }
  62:Core/Src/hd44780.c **** }
  63:Core/Src/hd44780.c **** 
  64:Core/Src/hd44780.c **** static void LCD_Init(int rows, int fourbit, uint16_t data_pin[], GPIO_TypeDef* ports[], struct LCD 
  65:Core/Src/hd44780.c **** {
  66:Core/Src/hd44780.c ****     for (int i = 0; i < 8; i++)
  67:Core/Src/hd44780.c ****     {
  68:Core/Src/hd44780.c ****         self->data_pin[i] = data_pin[i];
  69:Core/Src/hd44780.c ****         self->ports[i] = ports[i];
  70:Core/Src/hd44780.c ****     }
  71:Core/Src/hd44780.c ****     if (fourbit)
  72:Core/Src/hd44780.c ****     {
  73:Core/Src/hd44780.c ****         self->disp_function = LCD_4BITMODE | LCD_5x8DOTS;
  74:Core/Src/hd44780.c ****         self->bits = 4;
  75:Core/Src/hd44780.c ****     }
  76:Core/Src/hd44780.c ****     else
  77:Core/Src/hd44780.c ****     {
  78:Core/Src/hd44780.c ****         self->disp_function = LCD_8BITMODE | LCD_5x8DOTS;
  79:Core/Src/hd44780.c ****         self->bits = 8;
  80:Core/Src/hd44780.c ****     }
  81:Core/Src/hd44780.c ****     if (rows == 1)
  82:Core/Src/hd44780.c ****     {
  83:Core/Src/hd44780.c ****         self->disp_function |= LCD_1LINE;
  84:Core/Src/hd44780.c ****     }
  85:Core/Src/hd44780.c ****     else
  86:Core/Src/hd44780.c ****     {
  87:Core/Src/hd44780.c ****         self->disp_function |= LCD_2LINE;
ARM GAS  /tmp/ccW2PNnH.s 			page 3


  88:Core/Src/hd44780.c ****     }
  89:Core/Src/hd44780.c ****     self->rows = rows;
  90:Core/Src/hd44780.c ****     self->rows_offset[0] = 0x00;
  91:Core/Src/hd44780.c ****     self->rows_offset[1] = 0x40;
  92:Core/Src/hd44780.c ****     self->rows_offset[2] = 0x00 + COLS;
  93:Core/Src/hd44780.c ****     self->rows_offset[3] = 0x40 + COLS;
  94:Core/Src/hd44780.c **** 
  95:Core/Src/hd44780.c ****     HAL_Delay(50);
  96:Core/Src/hd44780.c ****     if (self->bits == 4)
  97:Core/Src/hd44780.c ****     {
  98:Core/Src/hd44780.c ****         write4bits(0x03, self);
  99:Core/Src/hd44780.c ****         HAL_Delay(50);
 100:Core/Src/hd44780.c ****         write4bits(0x03, self);
 101:Core/Src/hd44780.c ****         HAL_Delay(50);
 102:Core/Src/hd44780.c ****         write4bits(0x03, self);
 103:Core/Src/hd44780.c ****         HAL_Delay(150);
 104:Core/Src/hd44780.c ****         write4bits(0x02, self);
 105:Core/Src/hd44780.c ****     }
 106:Core/Src/hd44780.c ****     else
 107:Core/Src/hd44780.c ****     {
 108:Core/Src/hd44780.c ****         self->command(LCD_FUNCTIONSET | self->disp_function, self);
 109:Core/Src/hd44780.c ****         HAL_Delay(50);
 110:Core/Src/hd44780.c ****         self->command(LCD_FUNCTIONSET | self->disp_function, self);
 111:Core/Src/hd44780.c ****         HAL_Delay(50);
 112:Core/Src/hd44780.c ****         self->command(LCD_FUNCTIONSET | self->disp_function, self);
 113:Core/Src/hd44780.c ****     }
 114:Core/Src/hd44780.c ****     self->command(LCD_FUNCTIONSET | self->disp_function, self);
 115:Core/Src/hd44780.c ****     self->disp_control = LCD_DISPLAY_ON | LCD_CURSOR_OFF | LCD_BLINK_OFF;
 116:Core/Src/hd44780.c ****     self->display(self);
 117:Core/Src/hd44780.c **** 
 118:Core/Src/hd44780.c ****     self->clear(self);
 119:Core/Src/hd44780.c ****     self->disp_mode = LCD_ENTRY_L | LCD_ENTRY_SD;
 120:Core/Src/hd44780.c ****     self->command(LCD_ENTRYMODESET | self->disp_mode, self);
 121:Core/Src/hd44780.c **** 
 122:Core/Src/hd44780.c **** }
 123:Core/Src/hd44780.c **** 
 124:Core/Src/hd44780.c **** static void LCD_Clear(struct LCD *self)
 125:Core/Src/hd44780.c **** {
 126:Core/Src/hd44780.c ****     self->command(LCD_CLEARDISPLAY, self);
 127:Core/Src/hd44780.c ****     HAL_Delay(2000);
 128:Core/Src/hd44780.c **** }
 129:Core/Src/hd44780.c **** 
 130:Core/Src/hd44780.c **** static void LCD_Home(struct LCD *self)
 131:Core/Src/hd44780.c **** {
 132:Core/Src/hd44780.c ****     self->command(LCD_RETURNHOME, self);
 133:Core/Src/hd44780.c ****     HAL_Delay(2000);
 134:Core/Src/hd44780.c **** }
 135:Core/Src/hd44780.c **** 
 136:Core/Src/hd44780.c **** static void LCD_Display(struct LCD *self)
 137:Core/Src/hd44780.c **** {
  29              		.loc 1 137 1 view -0
  30              		.cfi_startproc
  31              		@ args = 0, pretend = 0, frame = 0
  32              		@ frame_needed = 0, uses_anonymous_args = 0
  33              		.loc 1 137 1 is_stmt 0 view .LVU1
  34 0000 08B5     		push	{r3, lr}
  35              	.LCFI0:
ARM GAS  /tmp/ccW2PNnH.s 			page 4


  36              		.cfi_def_cfa_offset 8
  37              		.cfi_offset 3, -8
  38              		.cfi_offset 14, -4
  39 0002 0146     		mov	r1, r0
 138:Core/Src/hd44780.c ****     self->disp_control |= LCD_DISPLAY_ON;
  40              		.loc 1 138 5 is_stmt 1 view .LVU2
  41              		.loc 1 138 9 is_stmt 0 view .LVU3
  42 0004 90F83900 		ldrb	r0, [r0, #57]	@ zero_extendqisi2
  43              	.LVL1:
  44              		.loc 1 138 24 view .LVU4
  45 0008 40F00403 		orr	r3, r0, #4
  46 000c 81F83930 		strb	r3, [r1, #57]
 139:Core/Src/hd44780.c ****     self->command(LCD_DISPLAYCONTROL | self->disp_control, self);
  47              		.loc 1 139 5 is_stmt 1 view .LVU5
  48              		.loc 1 139 9 is_stmt 0 view .LVU6
  49 0010 D1F88830 		ldr	r3, [r1, #136]
  50              		.loc 1 139 5 view .LVU7
  51 0014 40F00C00 		orr	r0, r0, #12
  52 0018 9847     		blx	r3
  53              	.LVL2:
 140:Core/Src/hd44780.c **** }
  54              		.loc 1 140 1 view .LVU8
  55 001a 08BD     		pop	{r3, pc}
  56              		.cfi_endproc
  57              	.LFE137:
  59              		.section	.text.LCD_No_Display,"ax",%progbits
  60              		.align	1
  61              		.syntax unified
  62              		.thumb
  63              		.thumb_func
  65              	LCD_No_Display:
  66              	.LVL3:
  67              	.LFB138:
 141:Core/Src/hd44780.c **** 
 142:Core/Src/hd44780.c **** static void LCD_No_Display(struct LCD *self)
 143:Core/Src/hd44780.c **** {
  68              		.loc 1 143 1 is_stmt 1 view -0
  69              		.cfi_startproc
  70              		@ args = 0, pretend = 0, frame = 0
  71              		@ frame_needed = 0, uses_anonymous_args = 0
  72              		.loc 1 143 1 is_stmt 0 view .LVU10
  73 0000 08B5     		push	{r3, lr}
  74              	.LCFI1:
  75              		.cfi_def_cfa_offset 8
  76              		.cfi_offset 3, -8
  77              		.cfi_offset 14, -4
  78 0002 0146     		mov	r1, r0
 144:Core/Src/hd44780.c ****     self->disp_control &= ~LCD_DISPLAY_ON;
  79              		.loc 1 144 5 is_stmt 1 view .LVU11
  80              		.loc 1 144 9 is_stmt 0 view .LVU12
  81 0004 90F83900 		ldrb	r0, [r0, #57]	@ zero_extendqisi2
  82              	.LVL4:
  83              		.loc 1 144 24 view .LVU13
  84 0008 00F0FB00 		and	r0, r0, #251
  85 000c 81F83900 		strb	r0, [r1, #57]
 145:Core/Src/hd44780.c ****     self->command(LCD_DISPLAYCONTROL | self->disp_control, self);
  86              		.loc 1 145 5 is_stmt 1 view .LVU14
ARM GAS  /tmp/ccW2PNnH.s 			page 5


  87              		.loc 1 145 9 is_stmt 0 view .LVU15
  88 0010 D1F88830 		ldr	r3, [r1, #136]
  89              		.loc 1 145 5 view .LVU16
  90 0014 40F00800 		orr	r0, r0, #8
  91 0018 9847     		blx	r3
  92              	.LVL5:
 146:Core/Src/hd44780.c **** }
  93              		.loc 1 146 1 view .LVU17
  94 001a 08BD     		pop	{r3, pc}
  95              		.cfi_endproc
  96              	.LFE138:
  98              		.section	.text.LCD_No_Blink,"ax",%progbits
  99              		.align	1
 100              		.syntax unified
 101              		.thumb
 102              		.thumb_func
 104              	LCD_No_Blink:
 105              	.LVL6:
 106              	.LFB139:
 147:Core/Src/hd44780.c **** 
 148:Core/Src/hd44780.c **** static void LCD_No_Blink(struct LCD *self)
 149:Core/Src/hd44780.c **** {
 107              		.loc 1 149 1 is_stmt 1 view -0
 108              		.cfi_startproc
 109              		@ args = 0, pretend = 0, frame = 0
 110              		@ frame_needed = 0, uses_anonymous_args = 0
 111              		.loc 1 149 1 is_stmt 0 view .LVU19
 112 0000 08B5     		push	{r3, lr}
 113              	.LCFI2:
 114              		.cfi_def_cfa_offset 8
 115              		.cfi_offset 3, -8
 116              		.cfi_offset 14, -4
 117 0002 0146     		mov	r1, r0
 150:Core/Src/hd44780.c ****     self->disp_control &= ~LCD_BLINK_ON;
 118              		.loc 1 150 5 is_stmt 1 view .LVU20
 119              		.loc 1 150 9 is_stmt 0 view .LVU21
 120 0004 90F83900 		ldrb	r0, [r0, #57]	@ zero_extendqisi2
 121              	.LVL7:
 122              		.loc 1 150 24 view .LVU22
 123 0008 00F0FE00 		and	r0, r0, #254
 124 000c 81F83900 		strb	r0, [r1, #57]
 151:Core/Src/hd44780.c ****     self->command(LCD_DISPLAYCONTROL | self->disp_control, self);
 125              		.loc 1 151 5 is_stmt 1 view .LVU23
 126              		.loc 1 151 9 is_stmt 0 view .LVU24
 127 0010 D1F88830 		ldr	r3, [r1, #136]
 128              		.loc 1 151 5 view .LVU25
 129 0014 40F00800 		orr	r0, r0, #8
 130 0018 9847     		blx	r3
 131              	.LVL8:
 152:Core/Src/hd44780.c **** }
 132              		.loc 1 152 1 view .LVU26
 133 001a 08BD     		pop	{r3, pc}
 134              		.cfi_endproc
 135              	.LFE139:
 137              		.section	.text.LCD_Blink,"ax",%progbits
 138              		.align	1
 139              		.syntax unified
ARM GAS  /tmp/ccW2PNnH.s 			page 6


 140              		.thumb
 141              		.thumb_func
 143              	LCD_Blink:
 144              	.LVL9:
 145              	.LFB140:
 153:Core/Src/hd44780.c **** 
 154:Core/Src/hd44780.c **** static void LCD_Blink(struct LCD *self)
 155:Core/Src/hd44780.c **** {
 146              		.loc 1 155 1 is_stmt 1 view -0
 147              		.cfi_startproc
 148              		@ args = 0, pretend = 0, frame = 0
 149              		@ frame_needed = 0, uses_anonymous_args = 0
 150              		.loc 1 155 1 is_stmt 0 view .LVU28
 151 0000 08B5     		push	{r3, lr}
 152              	.LCFI3:
 153              		.cfi_def_cfa_offset 8
 154              		.cfi_offset 3, -8
 155              		.cfi_offset 14, -4
 156 0002 0146     		mov	r1, r0
 156:Core/Src/hd44780.c ****     self->disp_control |= LCD_BLINK_ON;
 157              		.loc 1 156 5 is_stmt 1 view .LVU29
 158              		.loc 1 156 9 is_stmt 0 view .LVU30
 159 0004 90F83900 		ldrb	r0, [r0, #57]	@ zero_extendqisi2
 160              	.LVL10:
 161              		.loc 1 156 24 view .LVU31
 162 0008 40F00103 		orr	r3, r0, #1
 163 000c 81F83930 		strb	r3, [r1, #57]
 157:Core/Src/hd44780.c ****     self->command(LCD_DISPLAYCONTROL | self->disp_control, self);
 164              		.loc 1 157 5 is_stmt 1 view .LVU32
 165              		.loc 1 157 9 is_stmt 0 view .LVU33
 166 0010 D1F88830 		ldr	r3, [r1, #136]
 167              		.loc 1 157 5 view .LVU34
 168 0014 40F00900 		orr	r0, r0, #9
 169 0018 9847     		blx	r3
 170              	.LVL11:
 158:Core/Src/hd44780.c **** }
 171              		.loc 1 158 1 view .LVU35
 172 001a 08BD     		pop	{r3, pc}
 173              		.cfi_endproc
 174              	.LFE140:
 176              		.section	.text.LCD_No_Cursor,"ax",%progbits
 177              		.align	1
 178              		.syntax unified
 179              		.thumb
 180              		.thumb_func
 182              	LCD_No_Cursor:
 183              	.LVL12:
 184              	.LFB141:
 159:Core/Src/hd44780.c **** 
 160:Core/Src/hd44780.c **** static void LCD_No_Cursor(struct LCD *self)
 161:Core/Src/hd44780.c **** {
 185              		.loc 1 161 1 is_stmt 1 view -0
 186              		.cfi_startproc
 187              		@ args = 0, pretend = 0, frame = 0
 188              		@ frame_needed = 0, uses_anonymous_args = 0
 189              		.loc 1 161 1 is_stmt 0 view .LVU37
 190 0000 08B5     		push	{r3, lr}
ARM GAS  /tmp/ccW2PNnH.s 			page 7


 191              	.LCFI4:
 192              		.cfi_def_cfa_offset 8
 193              		.cfi_offset 3, -8
 194              		.cfi_offset 14, -4
 195 0002 0146     		mov	r1, r0
 162:Core/Src/hd44780.c ****     self->disp_control &= ~LCD_CURSOR_ON;
 196              		.loc 1 162 5 is_stmt 1 view .LVU38
 197              		.loc 1 162 9 is_stmt 0 view .LVU39
 198 0004 90F83900 		ldrb	r0, [r0, #57]	@ zero_extendqisi2
 199              	.LVL13:
 200              		.loc 1 162 24 view .LVU40
 201 0008 00F0FD00 		and	r0, r0, #253
 202 000c 81F83900 		strb	r0, [r1, #57]
 163:Core/Src/hd44780.c ****     self->command(LCD_DISPLAYCONTROL | self->disp_control, self);
 203              		.loc 1 163 5 is_stmt 1 view .LVU41
 204              		.loc 1 163 9 is_stmt 0 view .LVU42
 205 0010 D1F88830 		ldr	r3, [r1, #136]
 206              		.loc 1 163 5 view .LVU43
 207 0014 40F00800 		orr	r0, r0, #8
 208 0018 9847     		blx	r3
 209              	.LVL14:
 164:Core/Src/hd44780.c **** }
 210              		.loc 1 164 1 view .LVU44
 211 001a 08BD     		pop	{r3, pc}
 212              		.cfi_endproc
 213              	.LFE141:
 215              		.section	.text.LCD_Cursor,"ax",%progbits
 216              		.align	1
 217              		.syntax unified
 218              		.thumb
 219              		.thumb_func
 221              	LCD_Cursor:
 222              	.LVL15:
 223              	.LFB142:
 165:Core/Src/hd44780.c **** 
 166:Core/Src/hd44780.c **** static void LCD_Cursor(struct LCD *self)
 167:Core/Src/hd44780.c **** {
 224              		.loc 1 167 1 is_stmt 1 view -0
 225              		.cfi_startproc
 226              		@ args = 0, pretend = 0, frame = 0
 227              		@ frame_needed = 0, uses_anonymous_args = 0
 228              		.loc 1 167 1 is_stmt 0 view .LVU46
 229 0000 08B5     		push	{r3, lr}
 230              	.LCFI5:
 231              		.cfi_def_cfa_offset 8
 232              		.cfi_offset 3, -8
 233              		.cfi_offset 14, -4
 234 0002 0146     		mov	r1, r0
 168:Core/Src/hd44780.c ****     self->disp_control |= LCD_CURSOR_ON;
 235              		.loc 1 168 5 is_stmt 1 view .LVU47
 236              		.loc 1 168 9 is_stmt 0 view .LVU48
 237 0004 90F83900 		ldrb	r0, [r0, #57]	@ zero_extendqisi2
 238              	.LVL16:
 239              		.loc 1 168 24 view .LVU49
 240 0008 40F00203 		orr	r3, r0, #2
 241 000c 81F83930 		strb	r3, [r1, #57]
 169:Core/Src/hd44780.c ****     self->command(LCD_DISPLAYCONTROL | self->disp_control, self);
ARM GAS  /tmp/ccW2PNnH.s 			page 8


 242              		.loc 1 169 5 is_stmt 1 view .LVU50
 243              		.loc 1 169 9 is_stmt 0 view .LVU51
 244 0010 D1F88830 		ldr	r3, [r1, #136]
 245              		.loc 1 169 5 view .LVU52
 246 0014 40F00A00 		orr	r0, r0, #10
 247 0018 9847     		blx	r3
 248              	.LVL17:
 170:Core/Src/hd44780.c **** }
 249              		.loc 1 170 1 view .LVU53
 250 001a 08BD     		pop	{r3, pc}
 251              		.cfi_endproc
 252              	.LFE142:
 254              		.section	.text.LCD_Scroll_Left,"ax",%progbits
 255              		.align	1
 256              		.syntax unified
 257              		.thumb
 258              		.thumb_func
 260              	LCD_Scroll_Left:
 261              	.LVL18:
 262              	.LFB143:
 171:Core/Src/hd44780.c **** 
 172:Core/Src/hd44780.c **** static void LCD_Scroll_Left(struct LCD *self)
 173:Core/Src/hd44780.c **** {
 263              		.loc 1 173 1 is_stmt 1 view -0
 264              		.cfi_startproc
 265              		@ args = 0, pretend = 0, frame = 0
 266              		@ frame_needed = 0, uses_anonymous_args = 0
 267              		.loc 1 173 1 is_stmt 0 view .LVU55
 268 0000 08B5     		push	{r3, lr}
 269              	.LCFI6:
 270              		.cfi_def_cfa_offset 8
 271              		.cfi_offset 3, -8
 272              		.cfi_offset 14, -4
 273 0002 0146     		mov	r1, r0
 174:Core/Src/hd44780.c ****     self->command(LCD_CURSORSHIFT | LCD_DISPLAYMOVE | LCD_MOVELEFT, self);
 274              		.loc 1 174 5 is_stmt 1 view .LVU56
 275              		.loc 1 174 9 is_stmt 0 view .LVU57
 276 0004 D0F88830 		ldr	r3, [r0, #136]
 277              		.loc 1 174 5 view .LVU58
 278 0008 1820     		movs	r0, #24
 279              	.LVL19:
 280              		.loc 1 174 5 view .LVU59
 281 000a 9847     		blx	r3
 282              	.LVL20:
 175:Core/Src/hd44780.c **** }
 283              		.loc 1 175 1 view .LVU60
 284 000c 08BD     		pop	{r3, pc}
 285              		.cfi_endproc
 286              	.LFE143:
 288              		.section	.text.LCD_Scroll_Right,"ax",%progbits
 289              		.align	1
 290              		.syntax unified
 291              		.thumb
 292              		.thumb_func
 294              	LCD_Scroll_Right:
 295              	.LVL21:
 296              	.LFB144:
ARM GAS  /tmp/ccW2PNnH.s 			page 9


 176:Core/Src/hd44780.c **** 
 177:Core/Src/hd44780.c **** static void LCD_Scroll_Right(struct LCD *self)
 178:Core/Src/hd44780.c **** {
 297              		.loc 1 178 1 is_stmt 1 view -0
 298              		.cfi_startproc
 299              		@ args = 0, pretend = 0, frame = 0
 300              		@ frame_needed = 0, uses_anonymous_args = 0
 301              		.loc 1 178 1 is_stmt 0 view .LVU62
 302 0000 08B5     		push	{r3, lr}
 303              	.LCFI7:
 304              		.cfi_def_cfa_offset 8
 305              		.cfi_offset 3, -8
 306              		.cfi_offset 14, -4
 307 0002 0146     		mov	r1, r0
 179:Core/Src/hd44780.c ****     self->command(LCD_CURSORSHIFT | LCD_DISPLAYMOVE | LCD_MOVERIGHT, self);
 308              		.loc 1 179 5 is_stmt 1 view .LVU63
 309              		.loc 1 179 9 is_stmt 0 view .LVU64
 310 0004 D0F88830 		ldr	r3, [r0, #136]
 311              		.loc 1 179 5 view .LVU65
 312 0008 1C20     		movs	r0, #28
 313              	.LVL22:
 314              		.loc 1 179 5 view .LVU66
 315 000a 9847     		blx	r3
 316              	.LVL23:
 180:Core/Src/hd44780.c **** }
 317              		.loc 1 180 1 view .LVU67
 318 000c 08BD     		pop	{r3, pc}
 319              		.cfi_endproc
 320              	.LFE144:
 322              		.section	.text.LCD_L2R,"ax",%progbits
 323              		.align	1
 324              		.syntax unified
 325              		.thumb
 326              		.thumb_func
 328              	LCD_L2R:
 329              	.LVL24:
 330              	.LFB145:
 181:Core/Src/hd44780.c **** static void LCD_L2R(struct LCD *self)
 182:Core/Src/hd44780.c **** {
 331              		.loc 1 182 1 is_stmt 1 view -0
 332              		.cfi_startproc
 333              		@ args = 0, pretend = 0, frame = 0
 334              		@ frame_needed = 0, uses_anonymous_args = 0
 335              		.loc 1 182 1 is_stmt 0 view .LVU69
 336 0000 08B5     		push	{r3, lr}
 337              	.LCFI8:
 338              		.cfi_def_cfa_offset 8
 339              		.cfi_offset 3, -8
 340              		.cfi_offset 14, -4
 341 0002 0146     		mov	r1, r0
 183:Core/Src/hd44780.c ****     self->disp_mode |= LCD_ENTRY_L;
 342              		.loc 1 183 5 is_stmt 1 view .LVU70
 343              		.loc 1 183 9 is_stmt 0 view .LVU71
 344 0004 90F83A00 		ldrb	r0, [r0, #58]	@ zero_extendqisi2
 345              	.LVL25:
 346              		.loc 1 183 21 view .LVU72
 347 0008 40F00203 		orr	r3, r0, #2
ARM GAS  /tmp/ccW2PNnH.s 			page 10


 348 000c 81F83A30 		strb	r3, [r1, #58]
 184:Core/Src/hd44780.c ****     self->command(LCD_ENTRYMODESET | self->disp_mode, self);
 349              		.loc 1 184 5 is_stmt 1 view .LVU73
 350              		.loc 1 184 9 is_stmt 0 view .LVU74
 351 0010 D1F88830 		ldr	r3, [r1, #136]
 352              		.loc 1 184 5 view .LVU75
 353 0014 40F00600 		orr	r0, r0, #6
 354 0018 9847     		blx	r3
 355              	.LVL26:
 185:Core/Src/hd44780.c **** }
 356              		.loc 1 185 1 view .LVU76
 357 001a 08BD     		pop	{r3, pc}
 358              		.cfi_endproc
 359              	.LFE145:
 361              		.section	.text.LCD_R2L,"ax",%progbits
 362              		.align	1
 363              		.syntax unified
 364              		.thumb
 365              		.thumb_func
 367              	LCD_R2L:
 368              	.LVL27:
 369              	.LFB146:
 186:Core/Src/hd44780.c **** 
 187:Core/Src/hd44780.c **** static void LCD_R2L(struct LCD *self)
 188:Core/Src/hd44780.c **** {
 370              		.loc 1 188 1 is_stmt 1 view -0
 371              		.cfi_startproc
 372              		@ args = 0, pretend = 0, frame = 0
 373              		@ frame_needed = 0, uses_anonymous_args = 0
 374              		.loc 1 188 1 is_stmt 0 view .LVU78
 375 0000 08B5     		push	{r3, lr}
 376              	.LCFI9:
 377              		.cfi_def_cfa_offset 8
 378              		.cfi_offset 3, -8
 379              		.cfi_offset 14, -4
 380 0002 0146     		mov	r1, r0
 189:Core/Src/hd44780.c ****     self->disp_mode &= ~LCD_ENTRY_L;
 381              		.loc 1 189 5 is_stmt 1 view .LVU79
 382              		.loc 1 189 9 is_stmt 0 view .LVU80
 383 0004 90F83A00 		ldrb	r0, [r0, #58]	@ zero_extendqisi2
 384              	.LVL28:
 385              		.loc 1 189 21 view .LVU81
 386 0008 00F0FD00 		and	r0, r0, #253
 387 000c 81F83A00 		strb	r0, [r1, #58]
 190:Core/Src/hd44780.c ****     self->command(LCD_ENTRYMODESET | self->disp_mode, self);
 388              		.loc 1 190 5 is_stmt 1 view .LVU82
 389              		.loc 1 190 9 is_stmt 0 view .LVU83
 390 0010 D1F88830 		ldr	r3, [r1, #136]
 391              		.loc 1 190 5 view .LVU84
 392 0014 40F00400 		orr	r0, r0, #4
 393 0018 9847     		blx	r3
 394              	.LVL29:
 191:Core/Src/hd44780.c **** }
 395              		.loc 1 191 1 view .LVU85
 396 001a 08BD     		pop	{r3, pc}
 397              		.cfi_endproc
 398              	.LFE146:
ARM GAS  /tmp/ccW2PNnH.s 			page 11


 400              		.section	.text.LCD_Auto_Scroll,"ax",%progbits
 401              		.align	1
 402              		.syntax unified
 403              		.thumb
 404              		.thumb_func
 406              	LCD_Auto_Scroll:
 407              	.LVL30:
 408              	.LFB147:
 192:Core/Src/hd44780.c **** static void LCD_Auto_Scroll(struct LCD *self)
 193:Core/Src/hd44780.c **** {
 409              		.loc 1 193 1 is_stmt 1 view -0
 410              		.cfi_startproc
 411              		@ args = 0, pretend = 0, frame = 0
 412              		@ frame_needed = 0, uses_anonymous_args = 0
 413              		.loc 1 193 1 is_stmt 0 view .LVU87
 414 0000 08B5     		push	{r3, lr}
 415              	.LCFI10:
 416              		.cfi_def_cfa_offset 8
 417              		.cfi_offset 3, -8
 418              		.cfi_offset 14, -4
 419 0002 0146     		mov	r1, r0
 194:Core/Src/hd44780.c ****     self->disp_mode |= LCD_ENTRY_SI;
 420              		.loc 1 194 5 is_stmt 1 view .LVU88
 421              		.loc 1 194 9 is_stmt 0 view .LVU89
 422 0004 90F83A00 		ldrb	r0, [r0, #58]	@ zero_extendqisi2
 423              	.LVL31:
 424              		.loc 1 194 21 view .LVU90
 425 0008 40F00103 		orr	r3, r0, #1
 426 000c 81F83A30 		strb	r3, [r1, #58]
 195:Core/Src/hd44780.c ****     self->command(LCD_ENTRYMODESET | self->disp_mode, self);
 427              		.loc 1 195 5 is_stmt 1 view .LVU91
 428              		.loc 1 195 9 is_stmt 0 view .LVU92
 429 0010 D1F88830 		ldr	r3, [r1, #136]
 430              		.loc 1 195 5 view .LVU93
 431 0014 40F00500 		orr	r0, r0, #5
 432 0018 9847     		blx	r3
 433              	.LVL32:
 196:Core/Src/hd44780.c **** }
 434              		.loc 1 196 1 view .LVU94
 435 001a 08BD     		pop	{r3, pc}
 436              		.cfi_endproc
 437              	.LFE147:
 439              		.section	.text.LCD_No_Auto_Scroll,"ax",%progbits
 440              		.align	1
 441              		.syntax unified
 442              		.thumb
 443              		.thumb_func
 445              	LCD_No_Auto_Scroll:
 446              	.LVL33:
 447              	.LFB148:
 197:Core/Src/hd44780.c **** 
 198:Core/Src/hd44780.c **** static void LCD_No_Auto_Scroll(struct LCD *self)
 199:Core/Src/hd44780.c **** {
 448              		.loc 1 199 1 is_stmt 1 view -0
 449              		.cfi_startproc
 450              		@ args = 0, pretend = 0, frame = 0
 451              		@ frame_needed = 0, uses_anonymous_args = 0
ARM GAS  /tmp/ccW2PNnH.s 			page 12


 452              		.loc 1 199 1 is_stmt 0 view .LVU96
 453 0000 08B5     		push	{r3, lr}
 454              	.LCFI11:
 455              		.cfi_def_cfa_offset 8
 456              		.cfi_offset 3, -8
 457              		.cfi_offset 14, -4
 458 0002 0146     		mov	r1, r0
 200:Core/Src/hd44780.c ****     self->disp_mode &= ~LCD_ENTRY_SI;
 459              		.loc 1 200 5 is_stmt 1 view .LVU97
 460              		.loc 1 200 9 is_stmt 0 view .LVU98
 461 0004 90F83A00 		ldrb	r0, [r0, #58]	@ zero_extendqisi2
 462              	.LVL34:
 463              		.loc 1 200 21 view .LVU99
 464 0008 00F0FE00 		and	r0, r0, #254
 465 000c 81F83A00 		strb	r0, [r1, #58]
 201:Core/Src/hd44780.c ****     self->command(LCD_ENTRYMODESET | self->disp_mode, self);
 466              		.loc 1 201 5 is_stmt 1 view .LVU100
 467              		.loc 1 201 9 is_stmt 0 view .LVU101
 468 0010 D1F88830 		ldr	r3, [r1, #136]
 469              		.loc 1 201 5 view .LVU102
 470 0014 40F00400 		orr	r0, r0, #4
 471 0018 9847     		blx	r3
 472              	.LVL35:
 202:Core/Src/hd44780.c **** }
 473              		.loc 1 202 1 view .LVU103
 474 001a 08BD     		pop	{r3, pc}
 475              		.cfi_endproc
 476              	.LFE148:
 478              		.section	.text.LCD_Set_Cursor,"ax",%progbits
 479              		.align	1
 480              		.syntax unified
 481              		.thumb
 482              		.thumb_func
 484              	LCD_Set_Cursor:
 485              	.LVL36:
 486              	.LFB150:
 203:Core/Src/hd44780.c **** 
 204:Core/Src/hd44780.c **** static void LCD_Create_Char(uint8_t location, uint8_t charmap[], struct LCD *self)
 205:Core/Src/hd44780.c **** {
 206:Core/Src/hd44780.c ****     location &= 0x7;
 207:Core/Src/hd44780.c ****     self->command(LCD_SETCGRAMADDR | (location << 3), self);
 208:Core/Src/hd44780.c ****     for (int i = 0; i < 8; i++)
 209:Core/Src/hd44780.c ****     {
 210:Core/Src/hd44780.c ****         send(charmap[i], 1, self);
 211:Core/Src/hd44780.c ****     }
 212:Core/Src/hd44780.c **** }
 213:Core/Src/hd44780.c **** static void LCD_Set_Cursor(uint8_t col, uint8_t row, struct LCD *self)
 214:Core/Src/hd44780.c **** {
 487              		.loc 1 214 1 is_stmt 1 view -0
 488              		.cfi_startproc
 489              		@ args = 0, pretend = 0, frame = 0
 490              		@ frame_needed = 0, uses_anonymous_args = 0
 491              		.loc 1 214 1 is_stmt 0 view .LVU105
 492 0000 08B5     		push	{r3, lr}
 493              	.LCFI12:
 494              		.cfi_def_cfa_offset 8
 495              		.cfi_offset 3, -8
ARM GAS  /tmp/ccW2PNnH.s 			page 13


 496              		.cfi_offset 14, -4
 497 0002 0B46     		mov	r3, r1
 498 0004 1146     		mov	r1, r2
 499              	.LVL37:
 215:Core/Src/hd44780.c ****     if (row >= self->rows)
 500              		.loc 1 215 5 is_stmt 1 view .LVU106
 501              		.loc 1 215 20 is_stmt 0 view .LVU107
 502 0006 1268     		ldr	r2, [r2]
 503              	.LVL38:
 504              		.loc 1 215 8 view .LVU108
 505 0008 9342     		cmp	r3, r2
 506 000a 02DB     		blt	.L26
 216:Core/Src/hd44780.c ****     {
 217:Core/Src/hd44780.c ****         row = self->rows - 1;
 507              		.loc 1 217 9 is_stmt 1 view .LVU109
 508              		.loc 1 217 26 is_stmt 0 view .LVU110
 509 000c D2B2     		uxtb	r2, r2
 510              		.loc 1 217 13 view .LVU111
 511 000e 013A     		subs	r2, r2, #1
 512 0010 D3B2     		uxtb	r3, r2
 513              	.LVL39:
 514              	.L26:
 218:Core/Src/hd44780.c ****     }
 219:Core/Src/hd44780.c ****     if (col >= COLS)
 515              		.loc 1 219 5 is_stmt 1 view .LVU112
 516              		.loc 1 219 8 is_stmt 0 view .LVU113
 517 0012 0F28     		cmp	r0, #15
 518 0014 00D9     		bls	.L27
 220:Core/Src/hd44780.c ****     {
 221:Core/Src/hd44780.c ****         col = COLS - 1;
 519              		.loc 1 221 13 view .LVU114
 520 0016 0F20     		movs	r0, #15
 521              	.LVL40:
 522              	.L27:
 222:Core/Src/hd44780.c ****     }
 223:Core/Src/hd44780.c ****     self->command(LCD_SETDDRAMADDR | (col + self->rows_offset[row]), self);
 523              		.loc 1 223 5 is_stmt 1 view .LVU115
 524              		.loc 1 223 9 is_stmt 0 view .LVU116
 525 0018 D1F88820 		ldr	r2, [r1, #136]
 526              		.loc 1 223 62 view .LVU117
 527 001c 0B44     		add	r3, r3, r1
 528              	.LVL41:
 529              		.loc 1 223 62 view .LVU118
 530 001e 93F83B30 		ldrb	r3, [r3, #59]	@ zero_extendqisi2
 531              		.loc 1 223 43 view .LVU119
 532 0022 1844     		add	r0, r0, r3
 533              	.LVL42:
 534              		.loc 1 223 5 view .LVU120
 535 0024 60F07F00 		orn	r0, r0, #127
 536 0028 C0B2     		uxtb	r0, r0
 537 002a 9047     		blx	r2
 538              	.LVL43:
 224:Core/Src/hd44780.c **** }
 539              		.loc 1 224 1 view .LVU121
 540 002c 08BD     		pop	{r3, pc}
 541              		.cfi_endproc
 542              	.LFE150:
ARM GAS  /tmp/ccW2PNnH.s 			page 14


 544              		.section	.text.pulse_enable,"ax",%progbits
 545              		.align	1
 546              		.syntax unified
 547              		.thumb
 548              		.thumb_func
 550              	pulse_enable:
 551              	.LFB130:
   6:Core/Src/hd44780.c ****     HAL_GPIO_WritePin(ENABLE_GPIO_Port, ENABLE_Pin, GPIO_PIN_RESET);
 552              		.loc 1 6 1 is_stmt 1 view -0
 553              		.cfi_startproc
 554              		@ args = 0, pretend = 0, frame = 0
 555              		@ frame_needed = 0, uses_anonymous_args = 0
 556 0000 10B5     		push	{r4, lr}
 557              	.LCFI13:
 558              		.cfi_def_cfa_offset 8
 559              		.cfi_offset 4, -8
 560              		.cfi_offset 14, -4
   7:Core/Src/hd44780.c ****     HAL_Delay(1);
 561              		.loc 1 7 5 view .LVU123
 562 0002 0D4C     		ldr	r4, .L32
 563 0004 0022     		movs	r2, #0
 564 0006 4021     		movs	r1, #64
 565 0008 2046     		mov	r0, r4
 566 000a FFF7FEFF 		bl	HAL_GPIO_WritePin
 567              	.LVL44:
   8:Core/Src/hd44780.c ****     HAL_GPIO_WritePin(ENABLE_GPIO_Port, ENABLE_Pin, GPIO_PIN_SET);
 568              		.loc 1 8 5 view .LVU124
 569 000e 0120     		movs	r0, #1
 570 0010 FFF7FEFF 		bl	HAL_Delay
 571              	.LVL45:
   9:Core/Src/hd44780.c ****     HAL_Delay(1);
 572              		.loc 1 9 5 view .LVU125
 573 0014 0122     		movs	r2, #1
 574 0016 4021     		movs	r1, #64
 575 0018 2046     		mov	r0, r4
 576 001a FFF7FEFF 		bl	HAL_GPIO_WritePin
 577              	.LVL46:
  10:Core/Src/hd44780.c ****     HAL_GPIO_WritePin(ENABLE_GPIO_Port, ENABLE_Pin, GPIO_PIN_RESET);
 578              		.loc 1 10 5 view .LVU126
 579 001e 0120     		movs	r0, #1
 580 0020 FFF7FEFF 		bl	HAL_Delay
 581              	.LVL47:
  11:Core/Src/hd44780.c ****     HAL_Delay(100);
 582              		.loc 1 11 5 view .LVU127
 583 0024 0022     		movs	r2, #0
 584 0026 4021     		movs	r1, #64
 585 0028 2046     		mov	r0, r4
 586 002a FFF7FEFF 		bl	HAL_GPIO_WritePin
 587              	.LVL48:
  12:Core/Src/hd44780.c **** }
 588              		.loc 1 12 5 view .LVU128
 589 002e 6420     		movs	r0, #100
 590 0030 FFF7FEFF 		bl	HAL_Delay
 591              	.LVL49:
  13:Core/Src/hd44780.c **** 
 592              		.loc 1 13 1 is_stmt 0 view .LVU129
 593 0034 10BD     		pop	{r4, pc}
ARM GAS  /tmp/ccW2PNnH.s 			page 15


 594              	.L33:
 595 0036 00BF     		.align	2
 596              	.L32:
 597 0038 00180240 		.word	1073879040
 598              		.cfi_endproc
 599              	.LFE130:
 601              		.section	.text.write8bits,"ax",%progbits
 602              		.align	1
 603              		.syntax unified
 604              		.thumb
 605              		.thumb_func
 607              	write8bits:
 608              	.LVL50:
 609              	.LFB132:
  33:Core/Src/hd44780.c ****     for (int i = 0; i < 8; i++)
 610              		.loc 1 33 1 is_stmt 1 view -0
 611              		.cfi_startproc
 612              		@ args = 0, pretend = 0, frame = 0
 613              		@ frame_needed = 0, uses_anonymous_args = 0
  33:Core/Src/hd44780.c ****     for (int i = 0; i < 8; i++)
 614              		.loc 1 33 1 is_stmt 0 view .LVU131
 615 0000 70B5     		push	{r4, r5, r6, lr}
 616              	.LCFI14:
 617              		.cfi_def_cfa_offset 16
 618              		.cfi_offset 4, -16
 619              		.cfi_offset 5, -12
 620              		.cfi_offset 6, -8
 621              		.cfi_offset 14, -4
 622 0002 0646     		mov	r6, r0
 623 0004 0D46     		mov	r5, r1
  34:Core/Src/hd44780.c ****     {
 624              		.loc 1 34 5 is_stmt 1 view .LVU132
 625              	.LBB2:
  34:Core/Src/hd44780.c ****     {
 626              		.loc 1 34 10 view .LVU133
 627              	.LVL51:
  34:Core/Src/hd44780.c ****     {
 628              		.loc 1 34 14 is_stmt 0 view .LVU134
 629 0006 0024     		movs	r4, #0
  34:Core/Src/hd44780.c ****     {
 630              		.loc 1 34 5 view .LVU135
 631 0008 09E0     		b	.L35
 632              	.LVL52:
 633              	.L36:
 634              	.LBB3:
  41:Core/Src/hd44780.c ****         {
 635              		.loc 1 41 14 is_stmt 1 view .LVU136
  43:Core/Src/hd44780.c ****         }
 636              		.loc 1 43 13 view .LVU137
 637 000a 211D     		adds	r1, r4, #4
 638 000c A31D     		adds	r3, r4, #6
 639              	.LVL53:
  43:Core/Src/hd44780.c ****         }
 640              		.loc 1 43 13 is_stmt 0 view .LVU138
 641 000e 0022     		movs	r2, #0
 642 0010 35F81110 		ldrh	r1, [r5, r1, lsl #1]
 643 0014 55F82300 		ldr	r0, [r5, r3, lsl #2]
ARM GAS  /tmp/ccW2PNnH.s 			page 16


 644 0018 FFF7FEFF 		bl	HAL_GPIO_WritePin
 645              	.LVL54:
 646              	.L37:
  43:Core/Src/hd44780.c ****         }
 647              		.loc 1 43 13 view .LVU139
 648              	.LBE3:
  34:Core/Src/hd44780.c ****     {
 649              		.loc 1 34 29 is_stmt 1 discriminator 2 view .LVU140
 650 001c 0134     		adds	r4, r4, #1
 651              	.LVL55:
 652              	.L35:
  34:Core/Src/hd44780.c ****     {
 653              		.loc 1 34 23 discriminator 1 view .LVU141
 654 001e 072C     		cmp	r4, #7
 655 0020 0EDC     		bgt	.L40
 656              	.LBB4:
  36:Core/Src/hd44780.c ****         if (val == 1)
 657              		.loc 1 36 9 view .LVU142
  36:Core/Src/hd44780.c ****         if (val == 1)
 658              		.loc 1 36 30 is_stmt 0 view .LVU143
 659 0022 46FA04F3 		asr	r3, r6, r4
 660              	.LVL56:
  37:Core/Src/hd44780.c ****         {
 661              		.loc 1 37 9 is_stmt 1 view .LVU144
  37:Core/Src/hd44780.c ****         {
 662              		.loc 1 37 12 is_stmt 0 view .LVU145
 663 0026 13F0010F 		tst	r3, #1
 664 002a EED0     		beq	.L36
  39:Core/Src/hd44780.c ****         }
 665              		.loc 1 39 13 is_stmt 1 view .LVU146
 666 002c 211D     		adds	r1, r4, #4
 667 002e A31D     		adds	r3, r4, #6
 668              	.LVL57:
  39:Core/Src/hd44780.c ****         }
 669              		.loc 1 39 13 is_stmt 0 view .LVU147
 670 0030 0122     		movs	r2, #1
 671 0032 35F81110 		ldrh	r1, [r5, r1, lsl #1]
 672 0036 55F82300 		ldr	r0, [r5, r3, lsl #2]
 673 003a FFF7FEFF 		bl	HAL_GPIO_WritePin
 674              	.LVL58:
 675 003e EDE7     		b	.L37
 676              	.LVL59:
 677              	.L40:
  39:Core/Src/hd44780.c ****         }
 678              		.loc 1 39 13 view .LVU148
 679              	.LBE4:
 680              	.LBE2:
  46:Core/Src/hd44780.c **** }
 681              		.loc 1 46 5 is_stmt 1 view .LVU149
 682 0040 FFF7FEFF 		bl	pulse_enable
 683              	.LVL60:
  47:Core/Src/hd44780.c **** 
 684              		.loc 1 47 1 is_stmt 0 view .LVU150
 685 0044 70BD     		pop	{r4, r5, r6, pc}
  47:Core/Src/hd44780.c **** 
 686              		.loc 1 47 1 view .LVU151
 687              		.cfi_endproc
ARM GAS  /tmp/ccW2PNnH.s 			page 17


 688              	.LFE132:
 690              		.section	.text.write4bits,"ax",%progbits
 691              		.align	1
 692              		.syntax unified
 693              		.thumb
 694              		.thumb_func
 696              	write4bits:
 697              	.LVL61:
 698              	.LFB131:
  16:Core/Src/hd44780.c ****     for (int i = 0; i < 4; i++)
 699              		.loc 1 16 1 is_stmt 1 view -0
 700              		.cfi_startproc
 701              		@ args = 0, pretend = 0, frame = 0
 702              		@ frame_needed = 0, uses_anonymous_args = 0
  16:Core/Src/hd44780.c ****     for (int i = 0; i < 4; i++)
 703              		.loc 1 16 1 is_stmt 0 view .LVU153
 704 0000 70B5     		push	{r4, r5, r6, lr}
 705              	.LCFI15:
 706              		.cfi_def_cfa_offset 16
 707              		.cfi_offset 4, -16
 708              		.cfi_offset 5, -12
 709              		.cfi_offset 6, -8
 710              		.cfi_offset 14, -4
 711 0002 0646     		mov	r6, r0
 712 0004 0D46     		mov	r5, r1
  17:Core/Src/hd44780.c ****     {
 713              		.loc 1 17 5 is_stmt 1 view .LVU154
 714              	.LBB5:
  17:Core/Src/hd44780.c ****     {
 715              		.loc 1 17 10 view .LVU155
 716              	.LVL62:
  17:Core/Src/hd44780.c ****     {
 717              		.loc 1 17 14 is_stmt 0 view .LVU156
 718 0006 0024     		movs	r4, #0
  17:Core/Src/hd44780.c ****     {
 719              		.loc 1 17 5 view .LVU157
 720 0008 09E0     		b	.L42
 721              	.LVL63:
 722              	.L43:
 723              	.LBB6:
  24:Core/Src/hd44780.c ****         {
 724              		.loc 1 24 14 is_stmt 1 view .LVU158
  26:Core/Src/hd44780.c ****         }
 725              		.loc 1 26 13 view .LVU159
 726 000a 211D     		adds	r1, r4, #4
 727 000c A31D     		adds	r3, r4, #6
 728              	.LVL64:
  26:Core/Src/hd44780.c ****         }
 729              		.loc 1 26 13 is_stmt 0 view .LVU160
 730 000e 0022     		movs	r2, #0
 731 0010 35F81110 		ldrh	r1, [r5, r1, lsl #1]
 732 0014 55F82300 		ldr	r0, [r5, r3, lsl #2]
 733 0018 FFF7FEFF 		bl	HAL_GPIO_WritePin
 734              	.LVL65:
 735              	.L44:
  26:Core/Src/hd44780.c ****         }
 736              		.loc 1 26 13 view .LVU161
ARM GAS  /tmp/ccW2PNnH.s 			page 18


 737              	.LBE6:
  17:Core/Src/hd44780.c ****     {
 738              		.loc 1 17 29 is_stmt 1 discriminator 2 view .LVU162
 739 001c 0134     		adds	r4, r4, #1
 740              	.LVL66:
 741              	.L42:
  17:Core/Src/hd44780.c ****     {
 742              		.loc 1 17 23 discriminator 1 view .LVU163
 743 001e 032C     		cmp	r4, #3
 744 0020 0EDC     		bgt	.L47
 745              	.LBB7:
  19:Core/Src/hd44780.c ****         if (val == 1)
 746              		.loc 1 19 9 view .LVU164
  19:Core/Src/hd44780.c ****         if (val == 1)
 747              		.loc 1 19 30 is_stmt 0 view .LVU165
 748 0022 46FA04F3 		asr	r3, r6, r4
 749              	.LVL67:
  20:Core/Src/hd44780.c ****         {
 750              		.loc 1 20 9 is_stmt 1 view .LVU166
  20:Core/Src/hd44780.c ****         {
 751              		.loc 1 20 12 is_stmt 0 view .LVU167
 752 0026 13F0010F 		tst	r3, #1
 753 002a EED0     		beq	.L43
  22:Core/Src/hd44780.c ****         }
 754              		.loc 1 22 13 is_stmt 1 view .LVU168
 755 002c 211D     		adds	r1, r4, #4
 756 002e A31D     		adds	r3, r4, #6
 757              	.LVL68:
  22:Core/Src/hd44780.c ****         }
 758              		.loc 1 22 13 is_stmt 0 view .LVU169
 759 0030 0122     		movs	r2, #1
 760 0032 35F81110 		ldrh	r1, [r5, r1, lsl #1]
 761 0036 55F82300 		ldr	r0, [r5, r3, lsl #2]
 762 003a FFF7FEFF 		bl	HAL_GPIO_WritePin
 763              	.LVL69:
 764 003e EDE7     		b	.L44
 765              	.LVL70:
 766              	.L47:
  22:Core/Src/hd44780.c ****         }
 767              		.loc 1 22 13 view .LVU170
 768              	.LBE7:
 769              	.LBE5:
  29:Core/Src/hd44780.c **** }
 770              		.loc 1 29 5 is_stmt 1 view .LVU171
 771 0040 FFF7FEFF 		bl	pulse_enable
 772              	.LVL71:
  30:Core/Src/hd44780.c **** 
 773              		.loc 1 30 1 is_stmt 0 view .LVU172
 774 0044 70BD     		pop	{r4, r5, r6, pc}
  30:Core/Src/hd44780.c **** 
 775              		.loc 1 30 1 view .LVU173
 776              		.cfi_endproc
 777              	.LFE131:
 779              		.section	.text.send,"ax",%progbits
 780              		.align	1
 781              		.syntax unified
 782              		.thumb
ARM GAS  /tmp/ccW2PNnH.s 			page 19


 783              		.thumb_func
 785              	send:
 786              	.LVL72:
 787              	.LFB133:
  50:Core/Src/hd44780.c ****     if (mode == 1)
 788              		.loc 1 50 1 is_stmt 1 view -0
 789              		.cfi_startproc
 790              		@ args = 0, pretend = 0, frame = 0
 791              		@ frame_needed = 0, uses_anonymous_args = 0
  50:Core/Src/hd44780.c ****     if (mode == 1)
 792              		.loc 1 50 1 is_stmt 0 view .LVU175
 793 0000 38B5     		push	{r3, r4, r5, lr}
 794              	.LCFI16:
 795              		.cfi_def_cfa_offset 16
 796              		.cfi_offset 3, -16
 797              		.cfi_offset 4, -12
 798              		.cfi_offset 5, -8
 799              		.cfi_offset 14, -4
 800 0002 0546     		mov	r5, r0
 801 0004 1446     		mov	r4, r2
  51:Core/Src/hd44780.c ****         HAL_GPIO_WritePin(RS_GPIO_Port, RS_Pin, GPIO_PIN_SET);
 802              		.loc 1 51 5 is_stmt 1 view .LVU176
  51:Core/Src/hd44780.c ****         HAL_GPIO_WritePin(RS_GPIO_Port, RS_Pin, GPIO_PIN_SET);
 803              		.loc 1 51 8 is_stmt 0 view .LVU177
 804 0006 0129     		cmp	r1, #1
 805 0008 10D0     		beq	.L54
  54:Core/Src/hd44780.c ****     if (screen->bits == 8)
 806              		.loc 1 54 9 is_stmt 1 view .LVU178
 807 000a 0022     		movs	r2, #0
 808              	.LVL73:
  54:Core/Src/hd44780.c ****     if (screen->bits == 8)
 809              		.loc 1 54 9 is_stmt 0 view .LVU179
 810 000c 8021     		movs	r1, #128
 811              	.LVL74:
  54:Core/Src/hd44780.c ****     if (screen->bits == 8)
 812              		.loc 1 54 9 view .LVU180
 813 000e 0D48     		ldr	r0, .L56
 814              	.LVL75:
  54:Core/Src/hd44780.c ****     if (screen->bits == 8)
 815              		.loc 1 54 9 view .LVU181
 816 0010 FFF7FEFF 		bl	HAL_GPIO_WritePin
 817              	.LVL76:
 818              	.L50:
  55:Core/Src/hd44780.c ****         write8bits(value, screen);
 819              		.loc 1 55 5 is_stmt 1 view .LVU182
  55:Core/Src/hd44780.c ****         write8bits(value, screen);
 820              		.loc 1 55 15 is_stmt 0 view .LVU183
 821 0014 6368     		ldr	r3, [r4, #4]
  55:Core/Src/hd44780.c ****         write8bits(value, screen);
 822              		.loc 1 55 8 view .LVU184
 823 0016 082B     		cmp	r3, #8
 824 0018 0ED0     		beq	.L55
  59:Core/Src/hd44780.c ****         write4bits(value, screen);
 825              		.loc 1 59 9 is_stmt 1 view .LVU185
 826 001a 2146     		mov	r1, r4
 827 001c 2809     		lsrs	r0, r5, #4
 828 001e FFF7FEFF 		bl	write4bits
ARM GAS  /tmp/ccW2PNnH.s 			page 20


 829              	.LVL77:
  60:Core/Src/hd44780.c ****     }
 830              		.loc 1 60 9 view .LVU186
 831 0022 2146     		mov	r1, r4
 832 0024 2846     		mov	r0, r5
 833 0026 FFF7FEFF 		bl	write4bits
 834              	.LVL78:
 835              	.L48:
  62:Core/Src/hd44780.c **** 
 836              		.loc 1 62 1 is_stmt 0 view .LVU187
 837 002a 38BD     		pop	{r3, r4, r5, pc}
 838              	.LVL79:
 839              	.L54:
  52:Core/Src/hd44780.c ****     else
 840              		.loc 1 52 9 is_stmt 1 view .LVU188
 841 002c 0122     		movs	r2, #1
 842              	.LVL80:
  52:Core/Src/hd44780.c ****     else
 843              		.loc 1 52 9 is_stmt 0 view .LVU189
 844 002e 8021     		movs	r1, #128
 845              	.LVL81:
  52:Core/Src/hd44780.c ****     else
 846              		.loc 1 52 9 view .LVU190
 847 0030 0448     		ldr	r0, .L56
 848              	.LVL82:
  52:Core/Src/hd44780.c ****     else
 849              		.loc 1 52 9 view .LVU191
 850 0032 FFF7FEFF 		bl	HAL_GPIO_WritePin
 851              	.LVL83:
 852 0036 EDE7     		b	.L50
 853              	.L55:
  56:Core/Src/hd44780.c ****     else
 854              		.loc 1 56 9 is_stmt 1 view .LVU192
 855 0038 2146     		mov	r1, r4
 856 003a 2846     		mov	r0, r5
 857 003c FFF7FEFF 		bl	write8bits
 858              	.LVL84:
 859 0040 F3E7     		b	.L48
 860              	.L57:
 861 0042 00BF     		.align	2
 862              	.L56:
 863 0044 00180240 		.word	1073879040
 864              		.cfi_endproc
 865              	.LFE133:
 867              		.section	.text.LCD_Write,"ax",%progbits
 868              		.align	1
 869              		.syntax unified
 870              		.thumb
 871              		.thumb_func
 873              	LCD_Write:
 874              	.LVL85:
 875              	.LFB153:
 225:Core/Src/hd44780.c **** static void LCD_Print(char *str, struct LCD *self)
 226:Core/Src/hd44780.c **** {
 227:Core/Src/hd44780.c ****     for (unsigned i = 0; str[i] != '\0'; i++)
 228:Core/Src/hd44780.c ****     {
 229:Core/Src/hd44780.c ****         send(str[i], 1, self);
ARM GAS  /tmp/ccW2PNnH.s 			page 21


 230:Core/Src/hd44780.c ****     }
 231:Core/Src/hd44780.c **** }
 232:Core/Src/hd44780.c **** static void LCD_Command(uint8_t cmd, struct LCD *self)
 233:Core/Src/hd44780.c **** {
 234:Core/Src/hd44780.c ****     send(cmd, 0, self);
 235:Core/Src/hd44780.c **** }
 236:Core/Src/hd44780.c **** 
 237:Core/Src/hd44780.c **** static void LCD_Write(uint8_t value, struct LCD *self)
 238:Core/Src/hd44780.c **** {
 876              		.loc 1 238 1 view -0
 877              		.cfi_startproc
 878              		@ args = 0, pretend = 0, frame = 0
 879              		@ frame_needed = 0, uses_anonymous_args = 0
 880              		.loc 1 238 1 is_stmt 0 view .LVU194
 881 0000 08B5     		push	{r3, lr}
 882              	.LCFI17:
 883              		.cfi_def_cfa_offset 8
 884              		.cfi_offset 3, -8
 885              		.cfi_offset 14, -4
 886 0002 0A46     		mov	r2, r1
 239:Core/Src/hd44780.c ****     send(value, 1, self);
 887              		.loc 1 239 5 is_stmt 1 view .LVU195
 888 0004 0121     		movs	r1, #1
 889              	.LVL86:
 890              		.loc 1 239 5 is_stmt 0 view .LVU196
 891 0006 FFF7FEFF 		bl	send
 892              	.LVL87:
 240:Core/Src/hd44780.c **** }
 893              		.loc 1 240 1 view .LVU197
 894 000a 08BD     		pop	{r3, pc}
 895              		.cfi_endproc
 896              	.LFE153:
 898              		.section	.text.LCD_Command,"ax",%progbits
 899              		.align	1
 900              		.syntax unified
 901              		.thumb
 902              		.thumb_func
 904              	LCD_Command:
 905              	.LVL88:
 906              	.LFB152:
 233:Core/Src/hd44780.c ****     send(cmd, 0, self);
 907              		.loc 1 233 1 is_stmt 1 view -0
 908              		.cfi_startproc
 909              		@ args = 0, pretend = 0, frame = 0
 910              		@ frame_needed = 0, uses_anonymous_args = 0
 233:Core/Src/hd44780.c ****     send(cmd, 0, self);
 911              		.loc 1 233 1 is_stmt 0 view .LVU199
 912 0000 08B5     		push	{r3, lr}
 913              	.LCFI18:
 914              		.cfi_def_cfa_offset 8
 915              		.cfi_offset 3, -8
 916              		.cfi_offset 14, -4
 917 0002 0A46     		mov	r2, r1
 234:Core/Src/hd44780.c **** }
 918              		.loc 1 234 5 is_stmt 1 view .LVU200
 919 0004 0021     		movs	r1, #0
 920              	.LVL89:
ARM GAS  /tmp/ccW2PNnH.s 			page 22


 234:Core/Src/hd44780.c **** }
 921              		.loc 1 234 5 is_stmt 0 view .LVU201
 922 0006 FFF7FEFF 		bl	send
 923              	.LVL90:
 235:Core/Src/hd44780.c **** 
 924              		.loc 1 235 1 view .LVU202
 925 000a 08BD     		pop	{r3, pc}
 926              		.cfi_endproc
 927              	.LFE152:
 929              		.section	.text.LCD_Print,"ax",%progbits
 930              		.align	1
 931              		.syntax unified
 932              		.thumb
 933              		.thumb_func
 935              	LCD_Print:
 936              	.LVL91:
 937              	.LFB151:
 226:Core/Src/hd44780.c ****     for (unsigned i = 0; str[i] != '\0'; i++)
 938              		.loc 1 226 1 is_stmt 1 view -0
 939              		.cfi_startproc
 940              		@ args = 0, pretend = 0, frame = 0
 941              		@ frame_needed = 0, uses_anonymous_args = 0
 226:Core/Src/hd44780.c ****     for (unsigned i = 0; str[i] != '\0'; i++)
 942              		.loc 1 226 1 is_stmt 0 view .LVU204
 943 0000 70B5     		push	{r4, r5, r6, lr}
 944              	.LCFI19:
 945              		.cfi_def_cfa_offset 16
 946              		.cfi_offset 4, -16
 947              		.cfi_offset 5, -12
 948              		.cfi_offset 6, -8
 949              		.cfi_offset 14, -4
 950 0002 0546     		mov	r5, r0
 951 0004 0E46     		mov	r6, r1
 227:Core/Src/hd44780.c ****     {
 952              		.loc 1 227 5 is_stmt 1 view .LVU205
 953              	.LBB8:
 227:Core/Src/hd44780.c ****     {
 954              		.loc 1 227 10 view .LVU206
 955              	.LVL92:
 227:Core/Src/hd44780.c ****     {
 956              		.loc 1 227 19 is_stmt 0 view .LVU207
 957 0006 0024     		movs	r4, #0
 227:Core/Src/hd44780.c ****     {
 958              		.loc 1 227 5 view .LVU208
 959 0008 04E0     		b	.L63
 960              	.LVL93:
 961              	.L64:
 229:Core/Src/hd44780.c ****     }
 962              		.loc 1 229 9 is_stmt 1 discriminator 3 view .LVU209
 963 000a 3246     		mov	r2, r6
 964 000c 0121     		movs	r1, #1
 965 000e FFF7FEFF 		bl	send
 966              	.LVL94:
 227:Core/Src/hd44780.c ****     {
 967              		.loc 1 227 43 discriminator 3 view .LVU210
 968 0012 0134     		adds	r4, r4, #1
 969              	.LVL95:
ARM GAS  /tmp/ccW2PNnH.s 			page 23


 970              	.L63:
 227:Core/Src/hd44780.c ****     {
 971              		.loc 1 227 33 discriminator 1 view .LVU211
 227:Core/Src/hd44780.c ****     {
 972              		.loc 1 227 29 is_stmt 0 discriminator 1 view .LVU212
 973 0014 285D     		ldrb	r0, [r5, r4]	@ zero_extendqisi2
 227:Core/Src/hd44780.c ****     {
 974              		.loc 1 227 33 discriminator 1 view .LVU213
 975 0016 0028     		cmp	r0, #0
 976 0018 F7D1     		bne	.L64
 977              	.LBE8:
 231:Core/Src/hd44780.c **** static void LCD_Command(uint8_t cmd, struct LCD *self)
 978              		.loc 1 231 1 view .LVU214
 979 001a 70BD     		pop	{r4, r5, r6, pc}
 231:Core/Src/hd44780.c **** static void LCD_Command(uint8_t cmd, struct LCD *self)
 980              		.loc 1 231 1 view .LVU215
 981              		.cfi_endproc
 982              	.LFE151:
 984              		.section	.text.LCD_Create_Char,"ax",%progbits
 985              		.align	1
 986              		.syntax unified
 987              		.thumb
 988              		.thumb_func
 990              	LCD_Create_Char:
 991              	.LVL96:
 992              	.LFB149:
 205:Core/Src/hd44780.c ****     location &= 0x7;
 993              		.loc 1 205 1 is_stmt 1 view -0
 994              		.cfi_startproc
 995              		@ args = 0, pretend = 0, frame = 0
 996              		@ frame_needed = 0, uses_anonymous_args = 0
 205:Core/Src/hd44780.c ****     location &= 0x7;
 997              		.loc 1 205 1 is_stmt 0 view .LVU217
 998 0000 70B5     		push	{r4, r5, r6, lr}
 999              	.LCFI20:
 1000              		.cfi_def_cfa_offset 16
 1001              		.cfi_offset 4, -16
 1002              		.cfi_offset 5, -12
 1003              		.cfi_offset 6, -8
 1004              		.cfi_offset 14, -4
 1005 0002 0E46     		mov	r6, r1
 1006 0004 1546     		mov	r5, r2
 206:Core/Src/hd44780.c ****     self->command(LCD_SETCGRAMADDR | (location << 3), self);
 1007              		.loc 1 206 5 is_stmt 1 view .LVU218
 206:Core/Src/hd44780.c ****     self->command(LCD_SETCGRAMADDR | (location << 3), self);
 1008              		.loc 1 206 14 is_stmt 0 view .LVU219
 1009 0006 00F00700 		and	r0, r0, #7
 1010              	.LVL97:
 207:Core/Src/hd44780.c ****     for (int i = 0; i < 8; i++)
 1011              		.loc 1 207 5 is_stmt 1 view .LVU220
 207:Core/Src/hd44780.c ****     for (int i = 0; i < 8; i++)
 1012              		.loc 1 207 9 is_stmt 0 view .LVU221
 1013 000a D2F88830 		ldr	r3, [r2, #136]
 207:Core/Src/hd44780.c ****     for (int i = 0; i < 8; i++)
 1014              		.loc 1 207 48 view .LVU222
 1015 000e C000     		lsls	r0, r0, #3
 1016              	.LVL98:
ARM GAS  /tmp/ccW2PNnH.s 			page 24


 207:Core/Src/hd44780.c ****     for (int i = 0; i < 8; i++)
 1017              		.loc 1 207 5 view .LVU223
 1018 0010 1146     		mov	r1, r2
 1019              	.LVL99:
 207:Core/Src/hd44780.c ****     for (int i = 0; i < 8; i++)
 1020              		.loc 1 207 5 view .LVU224
 1021 0012 40F04000 		orr	r0, r0, #64
 1022 0016 9847     		blx	r3
 1023              	.LVL100:
 208:Core/Src/hd44780.c ****     {
 1024              		.loc 1 208 5 is_stmt 1 view .LVU225
 1025              	.LBB9:
 208:Core/Src/hd44780.c ****     {
 1026              		.loc 1 208 10 view .LVU226
 208:Core/Src/hd44780.c ****     {
 1027              		.loc 1 208 14 is_stmt 0 view .LVU227
 1028 0018 0024     		movs	r4, #0
 208:Core/Src/hd44780.c ****     {
 1029              		.loc 1 208 5 view .LVU228
 1030 001a 05E0     		b	.L67
 1031              	.LVL101:
 1032              	.L68:
 210:Core/Src/hd44780.c ****     }
 1033              		.loc 1 210 9 is_stmt 1 discriminator 3 view .LVU229
 1034 001c 2A46     		mov	r2, r5
 1035 001e 0121     		movs	r1, #1
 1036 0020 305D     		ldrb	r0, [r6, r4]	@ zero_extendqisi2
 1037 0022 FFF7FEFF 		bl	send
 1038              	.LVL102:
 208:Core/Src/hd44780.c ****     {
 1039              		.loc 1 208 29 discriminator 3 view .LVU230
 1040 0026 0134     		adds	r4, r4, #1
 1041              	.LVL103:
 1042              	.L67:
 208:Core/Src/hd44780.c ****     {
 1043              		.loc 1 208 23 discriminator 1 view .LVU231
 1044 0028 072C     		cmp	r4, #7
 1045 002a F7DD     		ble	.L68
 1046              	.LBE9:
 212:Core/Src/hd44780.c **** static void LCD_Set_Cursor(uint8_t col, uint8_t row, struct LCD *self)
 1047              		.loc 1 212 1 is_stmt 0 view .LVU232
 1048 002c 70BD     		pop	{r4, r5, r6, pc}
 212:Core/Src/hd44780.c **** static void LCD_Set_Cursor(uint8_t col, uint8_t row, struct LCD *self)
 1049              		.loc 1 212 1 view .LVU233
 1050              		.cfi_endproc
 1051              	.LFE149:
 1053              		.section	.text.LCD_Home,"ax",%progbits
 1054              		.align	1
 1055              		.syntax unified
 1056              		.thumb
 1057              		.thumb_func
 1059              	LCD_Home:
 1060              	.LVL104:
 1061              	.LFB136:
 131:Core/Src/hd44780.c ****     self->command(LCD_RETURNHOME, self);
 1062              		.loc 1 131 1 is_stmt 1 view -0
 1063              		.cfi_startproc
ARM GAS  /tmp/ccW2PNnH.s 			page 25


 1064              		@ args = 0, pretend = 0, frame = 0
 1065              		@ frame_needed = 0, uses_anonymous_args = 0
 131:Core/Src/hd44780.c ****     self->command(LCD_RETURNHOME, self);
 1066              		.loc 1 131 1 is_stmt 0 view .LVU235
 1067 0000 08B5     		push	{r3, lr}
 1068              	.LCFI21:
 1069              		.cfi_def_cfa_offset 8
 1070              		.cfi_offset 3, -8
 1071              		.cfi_offset 14, -4
 1072 0002 0146     		mov	r1, r0
 132:Core/Src/hd44780.c ****     HAL_Delay(2000);
 1073              		.loc 1 132 5 is_stmt 1 view .LVU236
 132:Core/Src/hd44780.c ****     HAL_Delay(2000);
 1074              		.loc 1 132 9 is_stmt 0 view .LVU237
 1075 0004 D0F88830 		ldr	r3, [r0, #136]
 132:Core/Src/hd44780.c ****     HAL_Delay(2000);
 1076              		.loc 1 132 5 view .LVU238
 1077 0008 0220     		movs	r0, #2
 1078              	.LVL105:
 132:Core/Src/hd44780.c ****     HAL_Delay(2000);
 1079              		.loc 1 132 5 view .LVU239
 1080 000a 9847     		blx	r3
 1081              	.LVL106:
 133:Core/Src/hd44780.c **** }
 1082              		.loc 1 133 5 is_stmt 1 view .LVU240
 1083 000c 4FF4FA60 		mov	r0, #2000
 1084 0010 FFF7FEFF 		bl	HAL_Delay
 1085              	.LVL107:
 134:Core/Src/hd44780.c **** 
 1086              		.loc 1 134 1 is_stmt 0 view .LVU241
 1087 0014 08BD     		pop	{r3, pc}
 1088              		.cfi_endproc
 1089              	.LFE136:
 1091              		.section	.text.LCD_Clear,"ax",%progbits
 1092              		.align	1
 1093              		.syntax unified
 1094              		.thumb
 1095              		.thumb_func
 1097              	LCD_Clear:
 1098              	.LVL108:
 1099              	.LFB135:
 125:Core/Src/hd44780.c ****     self->command(LCD_CLEARDISPLAY, self);
 1100              		.loc 1 125 1 is_stmt 1 view -0
 1101              		.cfi_startproc
 1102              		@ args = 0, pretend = 0, frame = 0
 1103              		@ frame_needed = 0, uses_anonymous_args = 0
 125:Core/Src/hd44780.c ****     self->command(LCD_CLEARDISPLAY, self);
 1104              		.loc 1 125 1 is_stmt 0 view .LVU243
 1105 0000 08B5     		push	{r3, lr}
 1106              	.LCFI22:
 1107              		.cfi_def_cfa_offset 8
 1108              		.cfi_offset 3, -8
 1109              		.cfi_offset 14, -4
 1110 0002 0146     		mov	r1, r0
 126:Core/Src/hd44780.c ****     HAL_Delay(2000);
 1111              		.loc 1 126 5 is_stmt 1 view .LVU244
 126:Core/Src/hd44780.c ****     HAL_Delay(2000);
ARM GAS  /tmp/ccW2PNnH.s 			page 26


 1112              		.loc 1 126 9 is_stmt 0 view .LVU245
 1113 0004 D0F88830 		ldr	r3, [r0, #136]
 126:Core/Src/hd44780.c ****     HAL_Delay(2000);
 1114              		.loc 1 126 5 view .LVU246
 1115 0008 0120     		movs	r0, #1
 1116              	.LVL109:
 126:Core/Src/hd44780.c ****     HAL_Delay(2000);
 1117              		.loc 1 126 5 view .LVU247
 1118 000a 9847     		blx	r3
 1119              	.LVL110:
 127:Core/Src/hd44780.c **** }
 1120              		.loc 1 127 5 is_stmt 1 view .LVU248
 1121 000c 4FF4FA60 		mov	r0, #2000
 1122 0010 FFF7FEFF 		bl	HAL_Delay
 1123              	.LVL111:
 128:Core/Src/hd44780.c **** 
 1124              		.loc 1 128 1 is_stmt 0 view .LVU249
 1125 0014 08BD     		pop	{r3, pc}
 1126              		.cfi_endproc
 1127              	.LFE135:
 1129              		.section	.text.LCD_Init,"ax",%progbits
 1130              		.align	1
 1131              		.syntax unified
 1132              		.thumb
 1133              		.thumb_func
 1135              	LCD_Init:
 1136              	.LVL112:
 1137              	.LFB134:
  65:Core/Src/hd44780.c ****     for (int i = 0; i < 8; i++)
 1138              		.loc 1 65 1 is_stmt 1 view -0
 1139              		.cfi_startproc
 1140              		@ args = 4, pretend = 0, frame = 0
 1141              		@ frame_needed = 0, uses_anonymous_args = 0
  65:Core/Src/hd44780.c ****     for (int i = 0; i < 8; i++)
 1142              		.loc 1 65 1 is_stmt 0 view .LVU251
 1143 0000 38B5     		push	{r3, r4, r5, lr}
 1144              	.LCFI23:
 1145              		.cfi_def_cfa_offset 16
 1146              		.cfi_offset 3, -16
 1147              		.cfi_offset 4, -12
 1148              		.cfi_offset 5, -8
 1149              		.cfi_offset 14, -4
 1150 0002 049C     		ldr	r4, [sp, #16]
  66:Core/Src/hd44780.c ****     {
 1151              		.loc 1 66 5 is_stmt 1 view .LVU252
 1152              	.LBB10:
  66:Core/Src/hd44780.c ****     {
 1153              		.loc 1 66 10 view .LVU253
 1154              	.LVL113:
  66:Core/Src/hd44780.c ****     {
 1155              		.loc 1 66 14 is_stmt 0 view .LVU254
 1156 0004 4FF0000C 		mov	ip, #0
  66:Core/Src/hd44780.c ****     {
 1157              		.loc 1 66 5 view .LVU255
 1158 0008 0DE0     		b	.L75
 1159              	.LVL114:
 1160              	.L76:
ARM GAS  /tmp/ccW2PNnH.s 			page 27


  68:Core/Src/hd44780.c ****         self->ports[i] = ports[i];
 1161              		.loc 1 68 9 is_stmt 1 discriminator 3 view .LVU256
  68:Core/Src/hd44780.c ****         self->ports[i] = ports[i];
 1162              		.loc 1 68 37 is_stmt 0 discriminator 3 view .LVU257
 1163 000a 32F81C50 		ldrh	r5, [r2, ip, lsl #1]
  68:Core/Src/hd44780.c ****         self->ports[i] = ports[i];
 1164              		.loc 1 68 27 discriminator 3 view .LVU258
 1165 000e 0CF1040E 		add	lr, ip, #4
 1166 0012 24F81E50 		strh	r5, [r4, lr, lsl #1]	@ movhi
  69:Core/Src/hd44780.c ****     }
 1167              		.loc 1 69 9 is_stmt 1 discriminator 3 view .LVU259
  69:Core/Src/hd44780.c ****     }
 1168              		.loc 1 69 24 is_stmt 0 discriminator 3 view .LVU260
 1169 0016 0CF1060E 		add	lr, ip, #6
 1170 001a 53F82C50 		ldr	r5, [r3, ip, lsl #2]
 1171 001e 44F82E50 		str	r5, [r4, lr, lsl #2]
  66:Core/Src/hd44780.c ****     {
 1172              		.loc 1 66 29 is_stmt 1 discriminator 3 view .LVU261
 1173 0022 0CF1010C 		add	ip, ip, #1
 1174              	.LVL115:
 1175              	.L75:
  66:Core/Src/hd44780.c ****     {
 1176              		.loc 1 66 23 discriminator 1 view .LVU262
 1177 0026 BCF1070F 		cmp	ip, #7
 1178 002a EEDD     		ble	.L76
 1179              	.LBE10:
  71:Core/Src/hd44780.c ****     {
 1180              		.loc 1 71 5 view .LVU263
  71:Core/Src/hd44780.c ****     {
 1181              		.loc 1 71 8 is_stmt 0 view .LVU264
 1182 002c 0029     		cmp	r1, #0
 1183 002e 57D0     		beq	.L77
  73:Core/Src/hd44780.c ****         self->bits = 4;
 1184              		.loc 1 73 9 is_stmt 1 view .LVU265
  73:Core/Src/hd44780.c ****         self->bits = 4;
 1185              		.loc 1 73 29 is_stmt 0 view .LVU266
 1186 0030 0023     		movs	r3, #0
 1187              	.LVL116:
  73:Core/Src/hd44780.c ****         self->bits = 4;
 1188              		.loc 1 73 29 view .LVU267
 1189 0032 84F83830 		strb	r3, [r4, #56]
  74:Core/Src/hd44780.c ****     }
 1190              		.loc 1 74 9 is_stmt 1 view .LVU268
  74:Core/Src/hd44780.c ****     }
 1191              		.loc 1 74 20 is_stmt 0 view .LVU269
 1192 0036 0423     		movs	r3, #4
 1193 0038 6360     		str	r3, [r4, #4]
 1194              	.L78:
  81:Core/Src/hd44780.c ****     {
 1195              		.loc 1 81 5 is_stmt 1 view .LVU270
  81:Core/Src/hd44780.c ****     {
 1196              		.loc 1 81 8 is_stmt 0 view .LVU271
 1197 003a 0128     		cmp	r0, #1
 1198 003c 05D0     		beq	.L79
  87:Core/Src/hd44780.c ****     }
 1199              		.loc 1 87 9 is_stmt 1 view .LVU272
  87:Core/Src/hd44780.c ****     }
ARM GAS  /tmp/ccW2PNnH.s 			page 28


 1200              		.loc 1 87 13 is_stmt 0 view .LVU273
 1201 003e 94F83830 		ldrb	r3, [r4, #56]	@ zero_extendqisi2
  87:Core/Src/hd44780.c ****     }
 1202              		.loc 1 87 29 view .LVU274
 1203 0042 43F00803 		orr	r3, r3, #8
 1204 0046 84F83830 		strb	r3, [r4, #56]
 1205              	.L79:
  89:Core/Src/hd44780.c ****     self->rows_offset[0] = 0x00;
 1206              		.loc 1 89 5 is_stmt 1 view .LVU275
  89:Core/Src/hd44780.c ****     self->rows_offset[0] = 0x00;
 1207              		.loc 1 89 16 is_stmt 0 view .LVU276
 1208 004a 2060     		str	r0, [r4]
  90:Core/Src/hd44780.c ****     self->rows_offset[1] = 0x40;
 1209              		.loc 1 90 5 is_stmt 1 view .LVU277
  90:Core/Src/hd44780.c ****     self->rows_offset[1] = 0x40;
 1210              		.loc 1 90 26 is_stmt 0 view .LVU278
 1211 004c 0023     		movs	r3, #0
 1212 004e 84F83B30 		strb	r3, [r4, #59]
  91:Core/Src/hd44780.c ****     self->rows_offset[2] = 0x00 + COLS;
 1213              		.loc 1 91 5 is_stmt 1 view .LVU279
  91:Core/Src/hd44780.c ****     self->rows_offset[2] = 0x00 + COLS;
 1214              		.loc 1 91 26 is_stmt 0 view .LVU280
 1215 0052 4023     		movs	r3, #64
 1216 0054 84F83C30 		strb	r3, [r4, #60]
  92:Core/Src/hd44780.c ****     self->rows_offset[3] = 0x40 + COLS;
 1217              		.loc 1 92 5 is_stmt 1 view .LVU281
  92:Core/Src/hd44780.c ****     self->rows_offset[3] = 0x40 + COLS;
 1218              		.loc 1 92 26 is_stmt 0 view .LVU282
 1219 0058 1023     		movs	r3, #16
 1220 005a 84F83D30 		strb	r3, [r4, #61]
  93:Core/Src/hd44780.c **** 
 1221              		.loc 1 93 5 is_stmt 1 view .LVU283
  93:Core/Src/hd44780.c **** 
 1222              		.loc 1 93 26 is_stmt 0 view .LVU284
 1223 005e 5023     		movs	r3, #80
 1224 0060 84F83E30 		strb	r3, [r4, #62]
  95:Core/Src/hd44780.c ****     if (self->bits == 4)
 1225              		.loc 1 95 5 is_stmt 1 view .LVU285
 1226 0064 3220     		movs	r0, #50
 1227              	.LVL117:
  95:Core/Src/hd44780.c ****     if (self->bits == 4)
 1228              		.loc 1 95 5 is_stmt 0 view .LVU286
 1229 0066 FFF7FEFF 		bl	HAL_Delay
 1230              	.LVL118:
  96:Core/Src/hd44780.c ****     {
 1231              		.loc 1 96 5 is_stmt 1 view .LVU287
  96:Core/Src/hd44780.c ****     {
 1232              		.loc 1 96 13 is_stmt 0 view .LVU288
 1233 006a 6368     		ldr	r3, [r4, #4]
  96:Core/Src/hd44780.c ****     {
 1234              		.loc 1 96 8 view .LVU289
 1235 006c 042B     		cmp	r3, #4
 1236 006e 3DD0     		beq	.L83
 108:Core/Src/hd44780.c ****         HAL_Delay(50);
 1237              		.loc 1 108 9 is_stmt 1 view .LVU290
 108:Core/Src/hd44780.c ****         HAL_Delay(50);
 1238              		.loc 1 108 13 is_stmt 0 view .LVU291
ARM GAS  /tmp/ccW2PNnH.s 			page 29


 1239 0070 D4F88830 		ldr	r3, [r4, #136]
 108:Core/Src/hd44780.c ****         HAL_Delay(50);
 1240              		.loc 1 108 45 view .LVU292
 1241 0074 94F83800 		ldrb	r0, [r4, #56]	@ zero_extendqisi2
 108:Core/Src/hd44780.c ****         HAL_Delay(50);
 1242              		.loc 1 108 9 view .LVU293
 1243 0078 2146     		mov	r1, r4
 1244 007a 40F02000 		orr	r0, r0, #32
 1245 007e 9847     		blx	r3
 1246              	.LVL119:
 109:Core/Src/hd44780.c ****         self->command(LCD_FUNCTIONSET | self->disp_function, self);
 1247              		.loc 1 109 9 is_stmt 1 view .LVU294
 1248 0080 3220     		movs	r0, #50
 1249 0082 FFF7FEFF 		bl	HAL_Delay
 1250              	.LVL120:
 110:Core/Src/hd44780.c ****         HAL_Delay(50);
 1251              		.loc 1 110 9 view .LVU295
 110:Core/Src/hd44780.c ****         HAL_Delay(50);
 1252              		.loc 1 110 13 is_stmt 0 view .LVU296
 1253 0086 D4F88830 		ldr	r3, [r4, #136]
 110:Core/Src/hd44780.c ****         HAL_Delay(50);
 1254              		.loc 1 110 45 view .LVU297
 1255 008a 94F83800 		ldrb	r0, [r4, #56]	@ zero_extendqisi2
 110:Core/Src/hd44780.c ****         HAL_Delay(50);
 1256              		.loc 1 110 9 view .LVU298
 1257 008e 2146     		mov	r1, r4
 1258 0090 40F02000 		orr	r0, r0, #32
 1259 0094 9847     		blx	r3
 1260              	.LVL121:
 111:Core/Src/hd44780.c ****         self->command(LCD_FUNCTIONSET | self->disp_function, self);
 1261              		.loc 1 111 9 is_stmt 1 view .LVU299
 1262 0096 3220     		movs	r0, #50
 1263 0098 FFF7FEFF 		bl	HAL_Delay
 1264              	.LVL122:
 112:Core/Src/hd44780.c ****     }
 1265              		.loc 1 112 9 view .LVU300
 112:Core/Src/hd44780.c ****     }
 1266              		.loc 1 112 13 is_stmt 0 view .LVU301
 1267 009c D4F88830 		ldr	r3, [r4, #136]
 112:Core/Src/hd44780.c ****     }
 1268              		.loc 1 112 45 view .LVU302
 1269 00a0 94F83800 		ldrb	r0, [r4, #56]	@ zero_extendqisi2
 112:Core/Src/hd44780.c ****     }
 1270              		.loc 1 112 9 view .LVU303
 1271 00a4 2146     		mov	r1, r4
 1272 00a6 40F02000 		orr	r0, r0, #32
 1273 00aa 9847     		blx	r3
 1274              	.LVL123:
 1275              	.L81:
 114:Core/Src/hd44780.c ****     self->disp_control = LCD_DISPLAY_ON | LCD_CURSOR_OFF | LCD_BLINK_OFF;
 1276              		.loc 1 114 5 is_stmt 1 view .LVU304
 114:Core/Src/hd44780.c ****     self->disp_control = LCD_DISPLAY_ON | LCD_CURSOR_OFF | LCD_BLINK_OFF;
 1277              		.loc 1 114 9 is_stmt 0 view .LVU305
 1278 00ac D4F88830 		ldr	r3, [r4, #136]
 114:Core/Src/hd44780.c ****     self->disp_control = LCD_DISPLAY_ON | LCD_CURSOR_OFF | LCD_BLINK_OFF;
 1279              		.loc 1 114 41 view .LVU306
 1280 00b0 94F83800 		ldrb	r0, [r4, #56]	@ zero_extendqisi2
ARM GAS  /tmp/ccW2PNnH.s 			page 30


 114:Core/Src/hd44780.c ****     self->disp_control = LCD_DISPLAY_ON | LCD_CURSOR_OFF | LCD_BLINK_OFF;
 1281              		.loc 1 114 5 view .LVU307
 1282 00b4 2146     		mov	r1, r4
 1283 00b6 40F02000 		orr	r0, r0, #32
 1284 00ba 9847     		blx	r3
 1285              	.LVL124:
 115:Core/Src/hd44780.c ****     self->display(self);
 1286              		.loc 1 115 5 is_stmt 1 view .LVU308
 115:Core/Src/hd44780.c ****     self->display(self);
 1287              		.loc 1 115 24 is_stmt 0 view .LVU309
 1288 00bc 0423     		movs	r3, #4
 1289 00be 84F83930 		strb	r3, [r4, #57]
 116:Core/Src/hd44780.c **** 
 1290              		.loc 1 116 5 is_stmt 1 view .LVU310
 116:Core/Src/hd44780.c **** 
 1291              		.loc 1 116 9 is_stmt 0 view .LVU311
 1292 00c2 E36C     		ldr	r3, [r4, #76]
 116:Core/Src/hd44780.c **** 
 1293              		.loc 1 116 5 view .LVU312
 1294 00c4 2046     		mov	r0, r4
 1295 00c6 9847     		blx	r3
 1296              	.LVL125:
 118:Core/Src/hd44780.c ****     self->disp_mode = LCD_ENTRY_L | LCD_ENTRY_SD;
 1297              		.loc 1 118 5 is_stmt 1 view .LVU313
 118:Core/Src/hd44780.c ****     self->disp_mode = LCD_ENTRY_L | LCD_ENTRY_SD;
 1298              		.loc 1 118 9 is_stmt 0 view .LVU314
 1299 00c8 636C     		ldr	r3, [r4, #68]
 118:Core/Src/hd44780.c ****     self->disp_mode = LCD_ENTRY_L | LCD_ENTRY_SD;
 1300              		.loc 1 118 5 view .LVU315
 1301 00ca 2046     		mov	r0, r4
 1302 00cc 9847     		blx	r3
 1303              	.LVL126:
 119:Core/Src/hd44780.c ****     self->command(LCD_ENTRYMODESET | self->disp_mode, self);
 1304              		.loc 1 119 5 is_stmt 1 view .LVU316
 119:Core/Src/hd44780.c ****     self->command(LCD_ENTRYMODESET | self->disp_mode, self);
 1305              		.loc 1 119 21 is_stmt 0 view .LVU317
 1306 00ce 0223     		movs	r3, #2
 1307 00d0 84F83A30 		strb	r3, [r4, #58]
 120:Core/Src/hd44780.c **** 
 1308              		.loc 1 120 5 is_stmt 1 view .LVU318
 120:Core/Src/hd44780.c **** 
 1309              		.loc 1 120 9 is_stmt 0 view .LVU319
 1310 00d4 D4F88830 		ldr	r3, [r4, #136]
 120:Core/Src/hd44780.c **** 
 1311              		.loc 1 120 5 view .LVU320
 1312 00d8 2146     		mov	r1, r4
 1313 00da 0620     		movs	r0, #6
 1314 00dc 9847     		blx	r3
 1315              	.LVL127:
 122:Core/Src/hd44780.c **** 
 1316              		.loc 1 122 1 view .LVU321
 1317 00de 38BD     		pop	{r3, r4, r5, pc}
 1318              	.LVL128:
 1319              	.L77:
  78:Core/Src/hd44780.c ****         self->bits = 8;
 1320              		.loc 1 78 9 is_stmt 1 view .LVU322
  78:Core/Src/hd44780.c ****         self->bits = 8;
ARM GAS  /tmp/ccW2PNnH.s 			page 31


 1321              		.loc 1 78 29 is_stmt 0 view .LVU323
 1322 00e0 1023     		movs	r3, #16
 1323              	.LVL129:
  78:Core/Src/hd44780.c ****         self->bits = 8;
 1324              		.loc 1 78 29 view .LVU324
 1325 00e2 84F83830 		strb	r3, [r4, #56]
  79:Core/Src/hd44780.c ****     }
 1326              		.loc 1 79 9 is_stmt 1 view .LVU325
  79:Core/Src/hd44780.c ****     }
 1327              		.loc 1 79 20 is_stmt 0 view .LVU326
 1328 00e6 0823     		movs	r3, #8
 1329 00e8 6360     		str	r3, [r4, #4]
 1330 00ea A6E7     		b	.L78
 1331              	.LVL130:
 1332              	.L83:
  98:Core/Src/hd44780.c ****         HAL_Delay(50);
 1333              		.loc 1 98 9 is_stmt 1 view .LVU327
 1334 00ec 2146     		mov	r1, r4
 1335 00ee 0320     		movs	r0, #3
 1336 00f0 FFF7FEFF 		bl	write4bits
 1337              	.LVL131:
  99:Core/Src/hd44780.c ****         write4bits(0x03, self);
 1338              		.loc 1 99 9 view .LVU328
 1339 00f4 3220     		movs	r0, #50
 1340 00f6 FFF7FEFF 		bl	HAL_Delay
 1341              	.LVL132:
 100:Core/Src/hd44780.c ****         HAL_Delay(50);
 1342              		.loc 1 100 9 view .LVU329
 1343 00fa 2146     		mov	r1, r4
 1344 00fc 0320     		movs	r0, #3
 1345 00fe FFF7FEFF 		bl	write4bits
 1346              	.LVL133:
 101:Core/Src/hd44780.c ****         write4bits(0x03, self);
 1347              		.loc 1 101 9 view .LVU330
 1348 0102 3220     		movs	r0, #50
 1349 0104 FFF7FEFF 		bl	HAL_Delay
 1350              	.LVL134:
 102:Core/Src/hd44780.c ****         HAL_Delay(150);
 1351              		.loc 1 102 9 view .LVU331
 1352 0108 2146     		mov	r1, r4
 1353 010a 0320     		movs	r0, #3
 1354 010c FFF7FEFF 		bl	write4bits
 1355              	.LVL135:
 103:Core/Src/hd44780.c ****         write4bits(0x02, self);
 1356              		.loc 1 103 9 view .LVU332
 1357 0110 9620     		movs	r0, #150
 1358 0112 FFF7FEFF 		bl	HAL_Delay
 1359              	.LVL136:
 104:Core/Src/hd44780.c ****     }
 1360              		.loc 1 104 9 view .LVU333
 1361 0116 2146     		mov	r1, r4
 1362 0118 0220     		movs	r0, #2
 1363 011a FFF7FEFF 		bl	write4bits
 1364              	.LVL137:
 1365 011e C5E7     		b	.L81
 1366              		.cfi_endproc
 1367              	.LFE134:
ARM GAS  /tmp/ccW2PNnH.s 			page 32


 1369              		.section	.text.init_screen,"ax",%progbits
 1370              		.align	1
 1371              		.global	init_screen
 1372              		.syntax unified
 1373              		.thumb
 1374              		.thumb_func
 1376              	init_screen:
 1377              	.LVL138:
 1378              	.LFB154:
 241:Core/Src/hd44780.c **** 
 242:Core/Src/hd44780.c **** void init_screen(struct LCD *screen)
 243:Core/Src/hd44780.c **** {
 1379              		.loc 1 243 1 view -0
 1380              		.cfi_startproc
 1381              		@ args = 0, pretend = 0, frame = 0
 1382              		@ frame_needed = 0, uses_anonymous_args = 0
 1383              		@ link register save eliminated.
 244:Core/Src/hd44780.c ****     screen->init = LCD_Init;
 1384              		.loc 1 244 5 view .LVU335
 1385              		.loc 1 244 18 is_stmt 0 view .LVU336
 1386 0000 164B     		ldr	r3, .L85
 1387 0002 0364     		str	r3, [r0, #64]
 245:Core/Src/hd44780.c ****     screen->clear = LCD_Clear;
 1388              		.loc 1 245 5 is_stmt 1 view .LVU337
 1389              		.loc 1 245 19 is_stmt 0 view .LVU338
 1390 0004 164B     		ldr	r3, .L85+4
 1391 0006 4364     		str	r3, [r0, #68]
 246:Core/Src/hd44780.c ****     screen->home = LCD_Home;
 1392              		.loc 1 246 5 is_stmt 1 view .LVU339
 1393              		.loc 1 246 18 is_stmt 0 view .LVU340
 1394 0008 164B     		ldr	r3, .L85+8
 1395 000a 8364     		str	r3, [r0, #72]
 247:Core/Src/hd44780.c ****     screen->display = LCD_Display;
 1396              		.loc 1 247 5 is_stmt 1 view .LVU341
 1397              		.loc 1 247 21 is_stmt 0 view .LVU342
 1398 000c 164B     		ldr	r3, .L85+12
 1399 000e C364     		str	r3, [r0, #76]
 248:Core/Src/hd44780.c ****     screen->no_display = LCD_No_Display;
 1400              		.loc 1 248 5 is_stmt 1 view .LVU343
 1401              		.loc 1 248 24 is_stmt 0 view .LVU344
 1402 0010 164B     		ldr	r3, .L85+16
 1403 0012 0365     		str	r3, [r0, #80]
 249:Core/Src/hd44780.c ****     screen->no_blink = LCD_No_Blink;
 1404              		.loc 1 249 5 is_stmt 1 view .LVU345
 1405              		.loc 1 249 22 is_stmt 0 view .LVU346
 1406 0014 164B     		ldr	r3, .L85+20
 1407 0016 4365     		str	r3, [r0, #84]
 250:Core/Src/hd44780.c ****     screen->blink = LCD_Blink;
 1408              		.loc 1 250 5 is_stmt 1 view .LVU347
 1409              		.loc 1 250 19 is_stmt 0 view .LVU348
 1410 0018 164B     		ldr	r3, .L85+24
 1411 001a 8365     		str	r3, [r0, #88]
 251:Core/Src/hd44780.c ****     screen->no_cursor = LCD_No_Cursor;
 1412              		.loc 1 251 5 is_stmt 1 view .LVU349
 1413              		.loc 1 251 23 is_stmt 0 view .LVU350
 1414 001c 164B     		ldr	r3, .L85+28
 1415 001e C365     		str	r3, [r0, #92]
ARM GAS  /tmp/ccW2PNnH.s 			page 33


 252:Core/Src/hd44780.c ****     screen->cursor = LCD_Cursor;
 1416              		.loc 1 252 5 is_stmt 1 view .LVU351
 1417              		.loc 1 252 20 is_stmt 0 view .LVU352
 1418 0020 164B     		ldr	r3, .L85+32
 1419 0022 0366     		str	r3, [r0, #96]
 253:Core/Src/hd44780.c ****     screen->scroll_left = LCD_Scroll_Left;
 1420              		.loc 1 253 5 is_stmt 1 view .LVU353
 1421              		.loc 1 253 25 is_stmt 0 view .LVU354
 1422 0024 164B     		ldr	r3, .L85+36
 1423 0026 4366     		str	r3, [r0, #100]
 254:Core/Src/hd44780.c ****     screen->scroll_right = LCD_Scroll_Right;
 1424              		.loc 1 254 5 is_stmt 1 view .LVU355
 1425              		.loc 1 254 26 is_stmt 0 view .LVU356
 1426 0028 164B     		ldr	r3, .L85+40
 1427 002a 8366     		str	r3, [r0, #104]
 255:Core/Src/hd44780.c ****     screen->left_to_right = LCD_L2R;
 1428              		.loc 1 255 5 is_stmt 1 view .LVU357
 1429              		.loc 1 255 27 is_stmt 0 view .LVU358
 1430 002c 164B     		ldr	r3, .L85+44
 1431 002e C366     		str	r3, [r0, #108]
 256:Core/Src/hd44780.c ****     screen->right_to_left = LCD_R2L;
 1432              		.loc 1 256 5 is_stmt 1 view .LVU359
 1433              		.loc 1 256 27 is_stmt 0 view .LVU360
 1434 0030 164B     		ldr	r3, .L85+48
 1435 0032 0367     		str	r3, [r0, #112]
 257:Core/Src/hd44780.c ****     screen->auto_scroll = LCD_Auto_Scroll;
 1436              		.loc 1 257 5 is_stmt 1 view .LVU361
 1437              		.loc 1 257 25 is_stmt 0 view .LVU362
 1438 0034 164B     		ldr	r3, .L85+52
 1439 0036 4367     		str	r3, [r0, #116]
 258:Core/Src/hd44780.c ****     screen->no_auto_scroll = LCD_No_Auto_Scroll;
 1440              		.loc 1 258 5 is_stmt 1 view .LVU363
 1441              		.loc 1 258 28 is_stmt 0 view .LVU364
 1442 0038 164B     		ldr	r3, .L85+56
 1443 003a 8367     		str	r3, [r0, #120]
 259:Core/Src/hd44780.c ****     screen->create_char = LCD_Create_Char;
 1444              		.loc 1 259 5 is_stmt 1 view .LVU365
 1445              		.loc 1 259 25 is_stmt 0 view .LVU366
 1446 003c 164B     		ldr	r3, .L85+60
 1447 003e C367     		str	r3, [r0, #124]
 260:Core/Src/hd44780.c ****     screen->set_cursor = LCD_Set_Cursor;
 1448              		.loc 1 260 5 is_stmt 1 view .LVU367
 1449              		.loc 1 260 24 is_stmt 0 view .LVU368
 1450 0040 164B     		ldr	r3, .L85+64
 1451 0042 C0F88030 		str	r3, [r0, #128]
 261:Core/Src/hd44780.c ****     screen->print = LCD_Print;
 1452              		.loc 1 261 5 is_stmt 1 view .LVU369
 1453              		.loc 1 261 19 is_stmt 0 view .LVU370
 1454 0046 164B     		ldr	r3, .L85+68
 1455 0048 C0F88430 		str	r3, [r0, #132]
 262:Core/Src/hd44780.c ****     screen->command = LCD_Command;
 1456              		.loc 1 262 5 is_stmt 1 view .LVU371
 1457              		.loc 1 262 21 is_stmt 0 view .LVU372
 1458 004c 154B     		ldr	r3, .L85+72
 1459 004e C0F88830 		str	r3, [r0, #136]
 263:Core/Src/hd44780.c ****     screen->write = LCD_Write;
 1460              		.loc 1 263 5 is_stmt 1 view .LVU373
ARM GAS  /tmp/ccW2PNnH.s 			page 34


 1461              		.loc 1 263 19 is_stmt 0 view .LVU374
 1462 0052 154B     		ldr	r3, .L85+76
 1463 0054 C0F88C30 		str	r3, [r0, #140]
 264:Core/Src/hd44780.c **** 
 265:Core/Src/hd44780.c **** }
 1464              		.loc 1 265 1 view .LVU375
 1465 0058 7047     		bx	lr
 1466              	.L86:
 1467 005a 00BF     		.align	2
 1468              	.L85:
 1469 005c 00000000 		.word	LCD_Init
 1470 0060 00000000 		.word	LCD_Clear
 1471 0064 00000000 		.word	LCD_Home
 1472 0068 00000000 		.word	LCD_Display
 1473 006c 00000000 		.word	LCD_No_Display
 1474 0070 00000000 		.word	LCD_No_Blink
 1475 0074 00000000 		.word	LCD_Blink
 1476 0078 00000000 		.word	LCD_No_Cursor
 1477 007c 00000000 		.word	LCD_Cursor
 1478 0080 00000000 		.word	LCD_Scroll_Left
 1479 0084 00000000 		.word	LCD_Scroll_Right
 1480 0088 00000000 		.word	LCD_L2R
 1481 008c 00000000 		.word	LCD_R2L
 1482 0090 00000000 		.word	LCD_Auto_Scroll
 1483 0094 00000000 		.word	LCD_No_Auto_Scroll
 1484 0098 00000000 		.word	LCD_Create_Char
 1485 009c 00000000 		.word	LCD_Set_Cursor
 1486 00a0 00000000 		.word	LCD_Print
 1487 00a4 00000000 		.word	LCD_Command
 1488 00a8 00000000 		.word	LCD_Write
 1489              		.cfi_endproc
 1490              	.LFE154:
 1492              		.text
 1493              	.Letext0:
 1494              		.file 2 "/usr/arm-none-eabi/include/machine/_default_types.h"
 1495              		.file 3 "/usr/arm-none-eabi/include/sys/_stdint.h"
 1496              		.file 4 "Drivers/CMSIS/Device/ST/STM32F4xx/Include/stm32f429xx.h"
 1497              		.file 5 "Drivers/STM32F4xx_HAL_Driver/Inc/stm32f4xx_hal_gpio.h"
 1498              		.file 6 "Core/Inc/hd44780.h"
 1499              		.file 7 "Drivers/STM32F4xx_HAL_Driver/Inc/stm32f4xx_hal.h"
ARM GAS  /tmp/ccW2PNnH.s 			page 35


DEFINED SYMBOLS
                            *ABS*:0000000000000000 hd44780.c
     /tmp/ccW2PNnH.s:21     .text.LCD_Display:0000000000000000 $t
     /tmp/ccW2PNnH.s:26     .text.LCD_Display:0000000000000000 LCD_Display
     /tmp/ccW2PNnH.s:60     .text.LCD_No_Display:0000000000000000 $t
     /tmp/ccW2PNnH.s:65     .text.LCD_No_Display:0000000000000000 LCD_No_Display
     /tmp/ccW2PNnH.s:99     .text.LCD_No_Blink:0000000000000000 $t
     /tmp/ccW2PNnH.s:104    .text.LCD_No_Blink:0000000000000000 LCD_No_Blink
     /tmp/ccW2PNnH.s:138    .text.LCD_Blink:0000000000000000 $t
     /tmp/ccW2PNnH.s:143    .text.LCD_Blink:0000000000000000 LCD_Blink
     /tmp/ccW2PNnH.s:177    .text.LCD_No_Cursor:0000000000000000 $t
     /tmp/ccW2PNnH.s:182    .text.LCD_No_Cursor:0000000000000000 LCD_No_Cursor
     /tmp/ccW2PNnH.s:216    .text.LCD_Cursor:0000000000000000 $t
     /tmp/ccW2PNnH.s:221    .text.LCD_Cursor:0000000000000000 LCD_Cursor
     /tmp/ccW2PNnH.s:255    .text.LCD_Scroll_Left:0000000000000000 $t
     /tmp/ccW2PNnH.s:260    .text.LCD_Scroll_Left:0000000000000000 LCD_Scroll_Left
     /tmp/ccW2PNnH.s:289    .text.LCD_Scroll_Right:0000000000000000 $t
     /tmp/ccW2PNnH.s:294    .text.LCD_Scroll_Right:0000000000000000 LCD_Scroll_Right
     /tmp/ccW2PNnH.s:323    .text.LCD_L2R:0000000000000000 $t
     /tmp/ccW2PNnH.s:328    .text.LCD_L2R:0000000000000000 LCD_L2R
     /tmp/ccW2PNnH.s:362    .text.LCD_R2L:0000000000000000 $t
     /tmp/ccW2PNnH.s:367    .text.LCD_R2L:0000000000000000 LCD_R2L
     /tmp/ccW2PNnH.s:401    .text.LCD_Auto_Scroll:0000000000000000 $t
     /tmp/ccW2PNnH.s:406    .text.LCD_Auto_Scroll:0000000000000000 LCD_Auto_Scroll
     /tmp/ccW2PNnH.s:440    .text.LCD_No_Auto_Scroll:0000000000000000 $t
     /tmp/ccW2PNnH.s:445    .text.LCD_No_Auto_Scroll:0000000000000000 LCD_No_Auto_Scroll
     /tmp/ccW2PNnH.s:479    .text.LCD_Set_Cursor:0000000000000000 $t
     /tmp/ccW2PNnH.s:484    .text.LCD_Set_Cursor:0000000000000000 LCD_Set_Cursor
     /tmp/ccW2PNnH.s:545    .text.pulse_enable:0000000000000000 $t
     /tmp/ccW2PNnH.s:550    .text.pulse_enable:0000000000000000 pulse_enable
     /tmp/ccW2PNnH.s:597    .text.pulse_enable:0000000000000038 $d
     /tmp/ccW2PNnH.s:602    .text.write8bits:0000000000000000 $t
     /tmp/ccW2PNnH.s:607    .text.write8bits:0000000000000000 write8bits
     /tmp/ccW2PNnH.s:691    .text.write4bits:0000000000000000 $t
     /tmp/ccW2PNnH.s:696    .text.write4bits:0000000000000000 write4bits
     /tmp/ccW2PNnH.s:780    .text.send:0000000000000000 $t
     /tmp/ccW2PNnH.s:785    .text.send:0000000000000000 send
     /tmp/ccW2PNnH.s:863    .text.send:0000000000000044 $d
     /tmp/ccW2PNnH.s:868    .text.LCD_Write:0000000000000000 $t
     /tmp/ccW2PNnH.s:873    .text.LCD_Write:0000000000000000 LCD_Write
     /tmp/ccW2PNnH.s:899    .text.LCD_Command:0000000000000000 $t
     /tmp/ccW2PNnH.s:904    .text.LCD_Command:0000000000000000 LCD_Command
     /tmp/ccW2PNnH.s:930    .text.LCD_Print:0000000000000000 $t
     /tmp/ccW2PNnH.s:935    .text.LCD_Print:0000000000000000 LCD_Print
     /tmp/ccW2PNnH.s:985    .text.LCD_Create_Char:0000000000000000 $t
     /tmp/ccW2PNnH.s:990    .text.LCD_Create_Char:0000000000000000 LCD_Create_Char
     /tmp/ccW2PNnH.s:1054   .text.LCD_Home:0000000000000000 $t
     /tmp/ccW2PNnH.s:1059   .text.LCD_Home:0000000000000000 LCD_Home
     /tmp/ccW2PNnH.s:1092   .text.LCD_Clear:0000000000000000 $t
     /tmp/ccW2PNnH.s:1097   .text.LCD_Clear:0000000000000000 LCD_Clear
     /tmp/ccW2PNnH.s:1130   .text.LCD_Init:0000000000000000 $t
     /tmp/ccW2PNnH.s:1135   .text.LCD_Init:0000000000000000 LCD_Init
     /tmp/ccW2PNnH.s:1370   .text.init_screen:0000000000000000 $t
     /tmp/ccW2PNnH.s:1376   .text.init_screen:0000000000000000 init_screen
     /tmp/ccW2PNnH.s:1469   .text.init_screen:000000000000005c $d

UNDEFINED SYMBOLS
ARM GAS  /tmp/ccW2PNnH.s 			page 36


HAL_GPIO_WritePin
HAL_Delay
